[0.186s] Invoking command in '/home/crazyflie/Documents/Sharfi/mocap_ws/ros2_ws/build/crazyflie': AMENT_PREFIX_PATH=/home/crazyflie/Documents/Sharfi/mocap_ws/ros2_ws/install/motion_capture_tracking_interfaces:${AMENT_PREFIX_PATH} CMAKE_PREFIX_PATH=/home/crazyflie/Documents/Sharfi/mocap_ws/ros2_ws/install/motion_capture_tracking_interfaces:/home/crazyflie/Documents/Sharfi/mocap_ws/ros2_ws/install/crazyflie_interfaces:/home/crazyflie/Documents/Sharfi/mocap_ws/ros2_ws/install/crazyflie_sim:/home/crazyflie/Documents/Sharfi/mocap_ws/ros2_ws/install/crazyflie_examples:/home/crazyflie/Documents/Sharfi/mocap_ws/ros2_ws/install/crazyflie:/home/crazyflie/Documents/Sharfi/mocap_ws/ros2_ws/install/crazyflie_py:/opt/ros/humble CONDA_PROMPT_MODIFIER=(motioncapture) LD_LIBRARY_PATH=/home/crazyflie/Documents/Sharfi/mocap_ws/ros2_ws/install/motion_capture_tracking_interfaces/lib:${LD_LIBRARY_PATH} PYTHONPATH=/home/crazyflie/Documents/Sharfi/mocap_ws/ros2_ws/install/motion_capture_tracking_interfaces/local/lib/python3.10/dist-packages:${PYTHONPATH} /usr/bin/cmake --build /home/crazyflie/Documents/Sharfi/mocap_ws/ros2_ws/build/crazyflie -- -j16 -l16
[0.228s] [ 22%] Built target crazyflieLinkCpp
[0.230s] [ 27%] Built target teleop
[0.245s] [ 35%] Built target crazyflie_cpp
[0.274s] [ 50%] Built target battery
[0.274s] [ 50%] Built target crazyflie_server
[0.274s] [ 50%] Built target listLogVariables
[0.274s] [ 55%] Built target listParams
[0.274s] [ 60%] Built target console
[0.274s] [ 65%] Built target listMemories
[0.276s] [ 70%] Built target comCheck
[0.278s] [ 80%] Built target downloadUSDLogfile
[0.278s] [ 80%] Built target setParam
[0.278s] [ 87%] Built target reboot
[0.278s] [ 90%] Built target version
[0.279s] [ 95%] Built target scan
[0.281s] [100%] Built target log
[0.290s] Invoked command in '/home/crazyflie/Documents/Sharfi/mocap_ws/ros2_ws/build/crazyflie' returned '0': AMENT_PREFIX_PATH=/home/crazyflie/Documents/Sharfi/mocap_ws/ros2_ws/install/motion_capture_tracking_interfaces:${AMENT_PREFIX_PATH} CMAKE_PREFIX_PATH=/home/crazyflie/Documents/Sharfi/mocap_ws/ros2_ws/install/motion_capture_tracking_interfaces:/home/crazyflie/Documents/Sharfi/mocap_ws/ros2_ws/install/crazyflie_interfaces:/home/crazyflie/Documents/Sharfi/mocap_ws/ros2_ws/install/crazyflie_sim:/home/crazyflie/Documents/Sharfi/mocap_ws/ros2_ws/install/crazyflie_examples:/home/crazyflie/Documents/Sharfi/mocap_ws/ros2_ws/install/crazyflie:/home/crazyflie/Documents/Sharfi/mocap_ws/ros2_ws/install/crazyflie_py:/opt/ros/humble CONDA_PROMPT_MODIFIER=(motioncapture) LD_LIBRARY_PATH=/home/crazyflie/Documents/Sharfi/mocap_ws/ros2_ws/install/motion_capture_tracking_interfaces/lib:${LD_LIBRARY_PATH} PYTHONPATH=/home/crazyflie/Documents/Sharfi/mocap_ws/ros2_ws/install/motion_capture_tracking_interfaces/local/lib/python3.10/dist-packages:${PYTHONPATH} /usr/bin/cmake --build /home/crazyflie/Documents/Sharfi/mocap_ws/ros2_ws/build/crazyflie -- -j16 -l16
[0.319s] Invoking command in '/home/crazyflie/Documents/Sharfi/mocap_ws/ros2_ws/build/crazyflie': AMENT_PREFIX_PATH=/home/crazyflie/Documents/Sharfi/mocap_ws/ros2_ws/install/motion_capture_tracking_interfaces:${AMENT_PREFIX_PATH} CMAKE_PREFIX_PATH=/home/crazyflie/Documents/Sharfi/mocap_ws/ros2_ws/install/motion_capture_tracking_interfaces:/home/crazyflie/Documents/Sharfi/mocap_ws/ros2_ws/install/crazyflie_interfaces:/home/crazyflie/Documents/Sharfi/mocap_ws/ros2_ws/install/crazyflie_sim:/home/crazyflie/Documents/Sharfi/mocap_ws/ros2_ws/install/crazyflie_examples:/home/crazyflie/Documents/Sharfi/mocap_ws/ros2_ws/install/crazyflie:/home/crazyflie/Documents/Sharfi/mocap_ws/ros2_ws/install/crazyflie_py:/opt/ros/humble CONDA_PROMPT_MODIFIER=(motioncapture) LD_LIBRARY_PATH=/home/crazyflie/Documents/Sharfi/mocap_ws/ros2_ws/install/motion_capture_tracking_interfaces/lib:${LD_LIBRARY_PATH} PYTHONPATH=/home/crazyflie/Documents/Sharfi/mocap_ws/ros2_ws/install/motion_capture_tracking_interfaces/local/lib/python3.10/dist-packages:${PYTHONPATH} /usr/bin/cmake --install /home/crazyflie/Documents/Sharfi/mocap_ws/ros2_ws/build/crazyflie
[0.324s] -- Install configuration: "Release"
[0.324s] -- Execute custom install script
[0.324s] -- Up-to-date symlink: /home/crazyflie/Documents/Sharfi/mocap_ws/ros2_ws/install/crazyflie/lib/crazyflie/comCheck
[0.324s] -- Up-to-date symlink: /home/crazyflie/Documents/Sharfi/mocap_ws/ros2_ws/install/crazyflie/lib/crazyflie/scan
[0.325s] -- Up-to-date symlink: /home/crazyflie/Documents/Sharfi/mocap_ws/ros2_ws/install/crazyflie/lib/crazyflie/listParams
[0.325s] -- Up-to-date symlink: /home/crazyflie/Documents/Sharfi/mocap_ws/ros2_ws/install/crazyflie/lib/crazyflie/listLogVariables
[0.325s] -- Up-to-date symlink: /home/crazyflie/Documents/Sharfi/mocap_ws/ros2_ws/install/crazyflie/lib/crazyflie/listMemories
[0.325s] -- Up-to-date symlink: /home/crazyflie/Documents/Sharfi/mocap_ws/ros2_ws/install/crazyflie/lib/crazyflie/reboot
[0.325s] -- Up-to-date symlink: /home/crazyflie/Documents/Sharfi/mocap_ws/ros2_ws/install/crazyflie/lib/crazyflie/battery
[0.325s] -- Up-to-date symlink: /home/crazyflie/Documents/Sharfi/mocap_ws/ros2_ws/install/crazyflie/lib/crazyflie/version
[0.325s] -- Up-to-date symlink: /home/crazyflie/Documents/Sharfi/mocap_ws/ros2_ws/install/crazyflie/lib/crazyflie/console
[0.325s] -- Up-to-date symlink: /home/crazyflie/Documents/Sharfi/mocap_ws/ros2_ws/install/crazyflie/lib/crazyflie/log
[0.325s] -- Up-to-date symlink: /home/crazyflie/Documents/Sharfi/mocap_ws/ros2_ws/install/crazyflie/lib/crazyflie/setParam
[0.326s] -- Up-to-date symlink: /home/crazyflie/Documents/Sharfi/mocap_ws/ros2_ws/install/crazyflie/lib/crazyflie/downloadUSDLogfile
[0.326s] -- Up-to-date symlink: /home/crazyflie/Documents/Sharfi/mocap_ws/ros2_ws/install/crazyflie/lib/crazyflie/teleop
[0.326s] -- Up-to-date symlink: /home/crazyflie/Documents/Sharfi/mocap_ws/ros2_ws/install/crazyflie/lib/crazyflie/crazyflie_server
[0.326s] -- Up-to-date symlink: /home/crazyflie/Documents/Sharfi/mocap_ws/ros2_ws/install/crazyflie/lib/crazyflie/crazyflie_server.py
[0.326s] -- Up-to-date symlink: /home/crazyflie/Documents/Sharfi/mocap_ws/ros2_ws/install/crazyflie/lib/crazyflie/chooser.py
[0.326s] -- Up-to-date symlink: /home/crazyflie/Documents/Sharfi/mocap_ws/ros2_ws/install/crazyflie/lib/crazyflie/vel_mux.py
[0.326s] -- Up-to-date symlink: /home/crazyflie/Documents/Sharfi/mocap_ws/ros2_ws/install/crazyflie/lib/crazyflie/cfmult.py
[0.326s] -- Up-to-date symlink: /home/crazyflie/Documents/Sharfi/mocap_ws/ros2_ws/install/crazyflie/lib/crazyflie/simple_mapper_multiranger.py
[0.326s] -- Up-to-date symlink: /home/crazyflie/Documents/Sharfi/mocap_ws/ros2_ws/install/crazyflie/lib/crazyflie/aideck_streamer.py
[0.326s] -- Up-to-date symlink: /home/crazyflie/Documents/Sharfi/mocap_ws/ros2_ws/install/crazyflie/lib/crazyflie/gui.py
[0.326s] -- Up-to-date symlink: /home/crazyflie/Documents/Sharfi/mocap_ws/ros2_ws/install/crazyflie/lib/crazyflie/flash.py
[0.327s] -- Up-to-date symlink: /home/crazyflie/Documents/Sharfi/mocap_ws/ros2_ws/install/crazyflie/share/crazyflie//launch/launch.py
[0.327s] -- Up-to-date symlink: /home/crazyflie/Documents/Sharfi/mocap_ws/ros2_ws/install/crazyflie/share/crazyflie//launch/launch_teleop2.py
[0.327s] -- Up-to-date symlink: /home/crazyflie/Documents/Sharfi/mocap_ws/ros2_ws/install/crazyflie/share/crazyflie//launch/teleop_launch.py
[0.327s] -- Up-to-date symlink: /home/crazyflie/Documents/Sharfi/mocap_ws/ros2_ws/install/crazyflie/share/crazyflie//config/aideck_streamer.yaml
[0.327s] -- Up-to-date symlink: /home/crazyflie/Documents/Sharfi/mocap_ws/ros2_ws/install/crazyflie/share/crazyflie//config/config.rviz
[0.327s] -- Up-to-date symlink: /home/crazyflie/Documents/Sharfi/mocap_ws/ros2_ws/install/crazyflie/share/crazyflie//config/crazyflies.yaml
[0.327s] -- Up-to-date symlink: /home/crazyflie/Documents/Sharfi/mocap_ws/ros2_ws/install/crazyflie/share/crazyflie//config/motion_capture.yaml
[0.327s] -- Up-to-date symlink: /home/crazyflie/Documents/Sharfi/mocap_ws/ros2_ws/install/crazyflie/share/crazyflie//config/server.yaml
[0.328s] -- Up-to-date symlink: /home/crazyflie/Documents/Sharfi/mocap_ws/ros2_ws/install/crazyflie/share/crazyflie//config/teleop.yaml
[0.328s] -- Up-to-date symlink: /home/crazyflie/Documents/Sharfi/mocap_ws/ros2_ws/install/crazyflie/share/crazyflie//urdf/cf2_assembly.stl
[0.328s] -- Up-to-date symlink: /home/crazyflie/Documents/Sharfi/mocap_ws/ros2_ws/install/crazyflie/share/crazyflie//urdf/cf2_assembly_with_props.dae
[0.328s] -- Up-to-date symlink: /home/crazyflie/Documents/Sharfi/mocap_ws/ros2_ws/install/crazyflie/share/crazyflie//urdf/crazyflie_description.urdf
[0.328s] -- Up-to-date symlink: /home/crazyflie/Documents/Sharfi/mocap_ws/ros2_ws/install/crazyflie/share/ament_index/resource_index/package_run_dependencies/crazyflie
[0.328s] -- Up-to-date symlink: /home/crazyflie/Documents/Sharfi/mocap_ws/ros2_ws/install/crazyflie/share/ament_index/resource_index/parent_prefix_path/crazyflie
[0.328s] -- Up-to-date symlink: /home/crazyflie/Documents/Sharfi/mocap_ws/ros2_ws/install/crazyflie/share/crazyflie/environment/ament_prefix_path.sh
[0.328s] -- Up-to-date symlink: /home/crazyflie/Documents/Sharfi/mocap_ws/ros2_ws/install/crazyflie/share/crazyflie/environment/ament_prefix_path.dsv
[0.328s] -- Up-to-date symlink: /home/crazyflie/Documents/Sharfi/mocap_ws/ros2_ws/install/crazyflie/share/crazyflie/environment/path.sh
[0.328s] -- Up-to-date symlink: /home/crazyflie/Documents/Sharfi/mocap_ws/ros2_ws/install/crazyflie/share/crazyflie/environment/path.dsv
[0.328s] -- Up-to-date symlink: /home/crazyflie/Documents/Sharfi/mocap_ws/ros2_ws/install/crazyflie/share/crazyflie/local_setup.bash
[0.329s] -- Up-to-date symlink: /home/crazyflie/Documents/Sharfi/mocap_ws/ros2_ws/install/crazyflie/share/crazyflie/local_setup.sh
[0.329s] -- Up-to-date symlink: /home/crazyflie/Documents/Sharfi/mocap_ws/ros2_ws/install/crazyflie/share/crazyflie/local_setup.zsh
[0.329s] -- Up-to-date symlink: /home/crazyflie/Documents/Sharfi/mocap_ws/ros2_ws/install/crazyflie/share/crazyflie/local_setup.dsv
[0.329s] -- Symlinking: /home/crazyflie/Documents/Sharfi/mocap_ws/ros2_ws/install/crazyflie/share/crazyflie/package.dsv
[0.336s] -- Up-to-date symlink: /home/crazyflie/Documents/Sharfi/mocap_ws/ros2_ws/install/crazyflie/share/ament_index/resource_index/packages/crazyflie
[0.336s] -- Up-to-date symlink: /home/crazyflie/Documents/Sharfi/mocap_ws/ros2_ws/install/crazyflie/share/crazyflie/cmake/crazyflieConfig.cmake
[0.336s] -- Up-to-date symlink: /home/crazyflie/Documents/Sharfi/mocap_ws/ros2_ws/install/crazyflie/share/crazyflie/cmake/crazyflieConfig-version.cmake
[0.336s] -- Up-to-date symlink: /home/crazyflie/Documents/Sharfi/mocap_ws/ros2_ws/install/crazyflie/share/crazyflie/package.xml
[0.338s] Invoked command in '/home/crazyflie/Documents/Sharfi/mocap_ws/ros2_ws/build/crazyflie' returned '0': AMENT_PREFIX_PATH=/home/crazyflie/Documents/Sharfi/mocap_ws/ros2_ws/install/motion_capture_tracking_interfaces:${AMENT_PREFIX_PATH} CMAKE_PREFIX_PATH=/home/crazyflie/Documents/Sharfi/mocap_ws/ros2_ws/install/motion_capture_tracking_interfaces:/home/crazyflie/Documents/Sharfi/mocap_ws/ros2_ws/install/crazyflie_interfaces:/home/crazyflie/Documents/Sharfi/mocap_ws/ros2_ws/install/crazyflie_sim:/home/crazyflie/Documents/Sharfi/mocap_ws/ros2_ws/install/crazyflie_examples:/home/crazyflie/Documents/Sharfi/mocap_ws/ros2_ws/install/crazyflie:/home/crazyflie/Documents/Sharfi/mocap_ws/ros2_ws/install/crazyflie_py:/opt/ros/humble CONDA_PROMPT_MODIFIER=(motioncapture) LD_LIBRARY_PATH=/home/crazyflie/Documents/Sharfi/mocap_ws/ros2_ws/install/motion_capture_tracking_interfaces/lib:${LD_LIBRARY_PATH} PYTHONPATH=/home/crazyflie/Documents/Sharfi/mocap_ws/ros2_ws/install/motion_capture_tracking_interfaces/local/lib/python3.10/dist-packages:${PYTHONPATH} /usr/bin/cmake --install /home/crazyflie/Documents/Sharfi/mocap_ws/ros2_ws/build/crazyflie
