[0.168s] Invoking command in '/home/crazyflie/Documents/Sharfi/mocap_ws/ros2_ws/build/crazyflie': CMAKE_PREFIX_PATH=/home/crazyflie/Documents/Sharfi/mocap_ws/ros2_ws/install/motion_capture_tracking_interfaces:/home/crazyflie/Documents/Sharfi/mocap_ws/ros2_ws/install/crazyflie_interfaces:/home/crazyflie/Documents/Sharfi/mocap_ws/ros2_ws/install/motion_capture_tracking:/home/crazyflie/Documents/Sharfi/mocap_ws/ros2_ws/install/crazyflie:/home/crazyflie/Documents/Sharfi/mocap_ws/ros2_ws/install/crazyflie_sim:/home/crazyflie/Documents/Sharfi/mocap_ws/ros2_ws/install/crazyflie_examples:/home/crazyflie/Documents/Sharfi/mocap_ws/ros2_ws/install/crazyflie_py:/opt/ros/humble /usr/bin/cmake --build /home/crazyflie/Documents/Sharfi/mocap_ws/ros2_ws/build/crazyflie -- -j16 -l16
[0.204s] [ 22%] Built target crazyflieLinkCpp
[0.205s] [ 27%] Built target teleop
[0.218s] [ 35%] Built target crazyflie_cpp
[0.245s] [ 62%] Built target version
[0.245s] [ 62%] Built target reboot
[0.245s] [ 62%] Built target crazyflie_server
[0.245s] [ 62%] Built target battery
[0.245s] [ 62%] Built target listParams
[0.245s] [ 67%] Built target log
[0.245s] [ 75%] Built target listMemories
[0.245s] [ 75%] Built target console
[0.246s] [ 82%] Built target scan
[0.246s] [ 92%] Built target listLogVariables
[0.246s] [ 95%] Built target setParam
[0.246s] [ 95%] Built target downloadUSDLogfile
[0.247s] [100%] Built target comCheck
[0.255s] Invoked command in '/home/crazyflie/Documents/Sharfi/mocap_ws/ros2_ws/build/crazyflie' returned '0': CMAKE_PREFIX_PATH=/home/crazyflie/Documents/Sharfi/mocap_ws/ros2_ws/install/motion_capture_tracking_interfaces:/home/crazyflie/Documents/Sharfi/mocap_ws/ros2_ws/install/crazyflie_interfaces:/home/crazyflie/Documents/Sharfi/mocap_ws/ros2_ws/install/motion_capture_tracking:/home/crazyflie/Documents/Sharfi/mocap_ws/ros2_ws/install/crazyflie:/home/crazyflie/Documents/Sharfi/mocap_ws/ros2_ws/install/crazyflie_sim:/home/crazyflie/Documents/Sharfi/mocap_ws/ros2_ws/install/crazyflie_examples:/home/crazyflie/Documents/Sharfi/mocap_ws/ros2_ws/install/crazyflie_py:/opt/ros/humble /usr/bin/cmake --build /home/crazyflie/Documents/Sharfi/mocap_ws/ros2_ws/build/crazyflie -- -j16 -l16
[0.286s] Invoking command in '/home/crazyflie/Documents/Sharfi/mocap_ws/ros2_ws/build/crazyflie': CMAKE_PREFIX_PATH=/home/crazyflie/Documents/Sharfi/mocap_ws/ros2_ws/install/motion_capture_tracking_interfaces:/home/crazyflie/Documents/Sharfi/mocap_ws/ros2_ws/install/crazyflie_interfaces:/home/crazyflie/Documents/Sharfi/mocap_ws/ros2_ws/install/motion_capture_tracking:/home/crazyflie/Documents/Sharfi/mocap_ws/ros2_ws/install/crazyflie:/home/crazyflie/Documents/Sharfi/mocap_ws/ros2_ws/install/crazyflie_sim:/home/crazyflie/Documents/Sharfi/mocap_ws/ros2_ws/install/crazyflie_examples:/home/crazyflie/Documents/Sharfi/mocap_ws/ros2_ws/install/crazyflie_py:/opt/ros/humble /usr/bin/cmake --install /home/crazyflie/Documents/Sharfi/mocap_ws/ros2_ws/build/crazyflie
[0.291s] -- Install configuration: "Release"
[0.291s] -- Execute custom install script
[0.292s] -- Up-to-date symlink: /home/crazyflie/Documents/Sharfi/mocap_ws/ros2_ws/install/crazyflie/lib/crazyflie/comCheck
[0.292s] -- Up-to-date symlink: /home/crazyflie/Documents/Sharfi/mocap_ws/ros2_ws/install/crazyflie/lib/crazyflie/scan
[0.292s] -- Up-to-date symlink: /home/crazyflie/Documents/Sharfi/mocap_ws/ros2_ws/install/crazyflie/lib/crazyflie/listParams
[0.292s] -- Up-to-date symlink: /home/crazyflie/Documents/Sharfi/mocap_ws/ros2_ws/install/crazyflie/lib/crazyflie/listLogVariables
[0.292s] -- Up-to-date symlink: /home/crazyflie/Documents/Sharfi/mocap_ws/ros2_ws/install/crazyflie/lib/crazyflie/listMemories
[0.293s] -- Up-to-date symlink: /home/crazyflie/Documents/Sharfi/mocap_ws/ros2_ws/install/crazyflie/lib/crazyflie/reboot
[0.293s] -- Up-to-date symlink: /home/crazyflie/Documents/Sharfi/mocap_ws/ros2_ws/install/crazyflie/lib/crazyflie/battery
[0.293s] -- Up-to-date symlink: /home/crazyflie/Documents/Sharfi/mocap_ws/ros2_ws/install/crazyflie/lib/crazyflie/version
[0.293s] -- Up-to-date symlink: /home/crazyflie/Documents/Sharfi/mocap_ws/ros2_ws/install/crazyflie/lib/crazyflie/console
[0.293s] -- Up-to-date symlink: /home/crazyflie/Documents/Sharfi/mocap_ws/ros2_ws/install/crazyflie/lib/crazyflie/log
[0.293s] -- Up-to-date symlink: /home/crazyflie/Documents/Sharfi/mocap_ws/ros2_ws/install/crazyflie/lib/crazyflie/setParam
[0.293s] -- Up-to-date symlink: /home/crazyflie/Documents/Sharfi/mocap_ws/ros2_ws/install/crazyflie/lib/crazyflie/downloadUSDLogfile
[0.293s] -- Up-to-date symlink: /home/crazyflie/Documents/Sharfi/mocap_ws/ros2_ws/install/crazyflie/lib/crazyflie/teleop
[0.293s] -- Up-to-date symlink: /home/crazyflie/Documents/Sharfi/mocap_ws/ros2_ws/install/crazyflie/lib/crazyflie/crazyflie_server
[0.293s] -- Up-to-date symlink: /home/crazyflie/Documents/Sharfi/mocap_ws/ros2_ws/install/crazyflie/lib/crazyflie/crazyflie_server.py
[0.293s] -- Up-to-date symlink: /home/crazyflie/Documents/Sharfi/mocap_ws/ros2_ws/install/crazyflie/lib/crazyflie/chooser.py
[0.293s] -- Up-to-date symlink: /home/crazyflie/Documents/Sharfi/mocap_ws/ros2_ws/install/crazyflie/lib/crazyflie/vel_mux.py
[0.293s] -- Up-to-date symlink: /home/crazyflie/Documents/Sharfi/mocap_ws/ros2_ws/install/crazyflie/lib/crazyflie/cfmult.py
[0.293s] -- Up-to-date symlink: /home/crazyflie/Documents/Sharfi/mocap_ws/ros2_ws/install/crazyflie/lib/crazyflie/simple_mapper_multiranger.py
[0.293s] -- Up-to-date symlink: /home/crazyflie/Documents/Sharfi/mocap_ws/ros2_ws/install/crazyflie/lib/crazyflie/aideck_streamer.py
[0.293s] -- Up-to-date symlink: /home/crazyflie/Documents/Sharfi/mocap_ws/ros2_ws/install/crazyflie/lib/crazyflie/gui.py
[0.294s] -- Up-to-date symlink: /home/crazyflie/Documents/Sharfi/mocap_ws/ros2_ws/install/crazyflie/lib/crazyflie/flash.py
[0.294s] -- Up-to-date symlink: /home/crazyflie/Documents/Sharfi/mocap_ws/ros2_ws/install/crazyflie/share/crazyflie//launch/launch.py
[0.294s] -- Up-to-date symlink: /home/crazyflie/Documents/Sharfi/mocap_ws/ros2_ws/install/crazyflie/share/crazyflie//launch/launch_teleop2.py
[0.294s] -- Up-to-date symlink: /home/crazyflie/Documents/Sharfi/mocap_ws/ros2_ws/install/crazyflie/share/crazyflie//launch/teleop_launch.py
[0.294s] -- Up-to-date symlink: /home/crazyflie/Documents/Sharfi/mocap_ws/ros2_ws/install/crazyflie/share/crazyflie//config/aideck_streamer.yaml
[0.294s] -- Up-to-date symlink: /home/crazyflie/Documents/Sharfi/mocap_ws/ros2_ws/install/crazyflie/share/crazyflie//config/config.rviz
[0.294s] -- Up-to-date symlink: /home/crazyflie/Documents/Sharfi/mocap_ws/ros2_ws/install/crazyflie/share/crazyflie//config/crazyflies.yaml
[0.294s] -- Up-to-date symlink: /home/crazyflie/Documents/Sharfi/mocap_ws/ros2_ws/install/crazyflie/share/crazyflie//config/motion_capture.yaml
[0.294s] -- Up-to-date symlink: /home/crazyflie/Documents/Sharfi/mocap_ws/ros2_ws/install/crazyflie/share/crazyflie//config/server.yaml
[0.294s] -- Up-to-date symlink: /home/crazyflie/Documents/Sharfi/mocap_ws/ros2_ws/install/crazyflie/share/crazyflie//config/teleop.yaml
[0.294s] -- Up-to-date symlink: /home/crazyflie/Documents/Sharfi/mocap_ws/ros2_ws/install/crazyflie/share/crazyflie//urdf/cf2_assembly.stl
[0.294s] -- Up-to-date symlink: /home/crazyflie/Documents/Sharfi/mocap_ws/ros2_ws/install/crazyflie/share/crazyflie//urdf/cf2_assembly_with_props.dae
[0.295s] -- Up-to-date symlink: /home/crazyflie/Documents/Sharfi/mocap_ws/ros2_ws/install/crazyflie/share/crazyflie//urdf/crazyflie_description.urdf
[0.295s] -- Up-to-date symlink: /home/crazyflie/Documents/Sharfi/mocap_ws/ros2_ws/install/crazyflie/share/ament_index/resource_index/package_run_dependencies/crazyflie
[0.295s] -- Up-to-date symlink: /home/crazyflie/Documents/Sharfi/mocap_ws/ros2_ws/install/crazyflie/share/ament_index/resource_index/parent_prefix_path/crazyflie
[0.295s] -- Up-to-date symlink: /home/crazyflie/Documents/Sharfi/mocap_ws/ros2_ws/install/crazyflie/share/crazyflie/environment/ament_prefix_path.sh
[0.295s] -- Up-to-date symlink: /home/crazyflie/Documents/Sharfi/mocap_ws/ros2_ws/install/crazyflie/share/crazyflie/environment/ament_prefix_path.dsv
[0.295s] -- Up-to-date symlink: /home/crazyflie/Documents/Sharfi/mocap_ws/ros2_ws/install/crazyflie/share/crazyflie/environment/path.sh
[0.295s] -- Up-to-date symlink: /home/crazyflie/Documents/Sharfi/mocap_ws/ros2_ws/install/crazyflie/share/crazyflie/environment/path.dsv
[0.295s] -- Up-to-date symlink: /home/crazyflie/Documents/Sharfi/mocap_ws/ros2_ws/install/crazyflie/share/crazyflie/local_setup.bash
[0.295s] -- Up-to-date symlink: /home/crazyflie/Documents/Sharfi/mocap_ws/ros2_ws/install/crazyflie/share/crazyflie/local_setup.sh
[0.295s] -- Up-to-date symlink: /home/crazyflie/Documents/Sharfi/mocap_ws/ros2_ws/install/crazyflie/share/crazyflie/local_setup.zsh
[0.295s] -- Up-to-date symlink: /home/crazyflie/Documents/Sharfi/mocap_ws/ros2_ws/install/crazyflie/share/crazyflie/local_setup.dsv
[0.296s] -- Symlinking: /home/crazyflie/Documents/Sharfi/mocap_ws/ros2_ws/install/crazyflie/share/crazyflie/package.dsv
[0.302s] -- Up-to-date symlink: /home/crazyflie/Documents/Sharfi/mocap_ws/ros2_ws/install/crazyflie/share/ament_index/resource_index/packages/crazyflie
[0.302s] -- Up-to-date symlink: /home/crazyflie/Documents/Sharfi/mocap_ws/ros2_ws/install/crazyflie/share/crazyflie/cmake/crazyflieConfig.cmake
[0.302s] -- Up-to-date symlink: /home/crazyflie/Documents/Sharfi/mocap_ws/ros2_ws/install/crazyflie/share/crazyflie/cmake/crazyflieConfig-version.cmake
[0.302s] -- Up-to-date symlink: /home/crazyflie/Documents/Sharfi/mocap_ws/ros2_ws/install/crazyflie/share/crazyflie/package.xml
[0.304s] Invoked command in '/home/crazyflie/Documents/Sharfi/mocap_ws/ros2_ws/build/crazyflie' returned '0': CMAKE_PREFIX_PATH=/home/crazyflie/Documents/Sharfi/mocap_ws/ros2_ws/install/motion_capture_tracking_interfaces:/home/crazyflie/Documents/Sharfi/mocap_ws/ros2_ws/install/crazyflie_interfaces:/home/crazyflie/Documents/Sharfi/mocap_ws/ros2_ws/install/motion_capture_tracking:/home/crazyflie/Documents/Sharfi/mocap_ws/ros2_ws/install/crazyflie:/home/crazyflie/Documents/Sharfi/mocap_ws/ros2_ws/install/crazyflie_sim:/home/crazyflie/Documents/Sharfi/mocap_ws/ros2_ws/install/crazyflie_examples:/home/crazyflie/Documents/Sharfi/mocap_ws/ros2_ws/install/crazyflie_py:/opt/ros/humble /usr/bin/cmake --install /home/crazyflie/Documents/Sharfi/mocap_ws/ros2_ws/build/crazyflie
