[0.005s] Invoking command in '/home/crazyflie/Documents/Sharfi/mocap_ws/ros2_ws/build/motion_capture_tracking': AMENT_PREFIX_PATH=/home/crazyflie/Documents/Sharfi/mocap_ws/ros2_ws/install/motion_capture_tracking_interfaces:${AMENT_PREFIX_PATH} CMAKE_PREFIX_PATH=/home/crazyflie/Documents/Sharfi/mocap_ws/ros2_ws/install/motion_capture_tracking_interfaces:/opt/ros/humble CONDA_PROMPT_MODIFIER=(motioncapture) LD_LIBRARY_PATH=/home/crazyflie/Documents/Sharfi/mocap_ws/ros2_ws/install/motion_capture_tracking_interfaces/lib:${LD_LIBRARY_PATH} PYTHONPATH=/home/crazyflie/Documents/Sharfi/mocap_ws/ros2_ws/install/motion_capture_tracking_interfaces/local/lib/python3.10/dist-packages:${PYTHONPATH} /usr/bin/cmake --build /home/crazyflie/Documents/Sharfi/mocap_ws/ros2_ws/build/motion_capture_tracking -- -j16 -l16
[0.043s] [ 11%] Built target quat
[0.043s] [ 15%] Built target qualisys_cpp_sdk
[0.052s] [ 19%] Built target librigidbodytracker
[0.062s] [ 53%] Built target ViconDataStreamSDK_CPP
[0.062s] [ 82%] Built target vrpn
[0.090s] [ 96%] Built target libmotioncapture
[0.112s] [100%] Built target motion_capture_tracking_node
[0.121s] Invoked command in '/home/crazyflie/Documents/Sharfi/mocap_ws/ros2_ws/build/motion_capture_tracking' returned '0': AMENT_PREFIX_PATH=/home/crazyflie/Documents/Sharfi/mocap_ws/ros2_ws/install/motion_capture_tracking_interfaces:${AMENT_PREFIX_PATH} CMAKE_PREFIX_PATH=/home/crazyflie/Documents/Sharfi/mocap_ws/ros2_ws/install/motion_capture_tracking_interfaces:/opt/ros/humble CONDA_PROMPT_MODIFIER=(motioncapture) LD_LIBRARY_PATH=/home/crazyflie/Documents/Sharfi/mocap_ws/ros2_ws/install/motion_capture_tracking_interfaces/lib:${LD_LIBRARY_PATH} PYTHONPATH=/home/crazyflie/Documents/Sharfi/mocap_ws/ros2_ws/install/motion_capture_tracking_interfaces/local/lib/python3.10/dist-packages:${PYTHONPATH} /usr/bin/cmake --build /home/crazyflie/Documents/Sharfi/mocap_ws/ros2_ws/build/motion_capture_tracking -- -j16 -l16
[0.161s] Invoking command in '/home/crazyflie/Documents/Sharfi/mocap_ws/ros2_ws/build/motion_capture_tracking': AMENT_PREFIX_PATH=/home/crazyflie/Documents/Sharfi/mocap_ws/ros2_ws/install/motion_capture_tracking_interfaces:${AMENT_PREFIX_PATH} CMAKE_PREFIX_PATH=/home/crazyflie/Documents/Sharfi/mocap_ws/ros2_ws/install/motion_capture_tracking_interfaces:/opt/ros/humble CONDA_PROMPT_MODIFIER=(motioncapture) LD_LIBRARY_PATH=/home/crazyflie/Documents/Sharfi/mocap_ws/ros2_ws/install/motion_capture_tracking_interfaces/lib:${LD_LIBRARY_PATH} PYTHONPATH=/home/crazyflie/Documents/Sharfi/mocap_ws/ros2_ws/install/motion_capture_tracking_interfaces/local/lib/python3.10/dist-packages:${PYTHONPATH} /usr/bin/cmake --install /home/crazyflie/Documents/Sharfi/mocap_ws/ros2_ws/build/motion_capture_tracking
[0.167s] -- Install configuration: ""
[0.167s] -- Up-to-date: /home/crazyflie/Documents/Sharfi/mocap_ws/ros2_ws/install/motion_capture_tracking/lib/motion_capture_tracking/motion_capture_tracking_node
[0.167s] -- Up-to-date: /home/crazyflie/Documents/Sharfi/mocap_ws/ros2_ws/install/motion_capture_tracking/lib/motion_capture_tracking/libNatNet.so
[0.167s] -- Up-to-date: /home/crazyflie/Documents/Sharfi/mocap_ws/ros2_ws/install/motion_capture_tracking/share/motion_capture_tracking//launch
[0.167s] -- Up-to-date: /home/crazyflie/Documents/Sharfi/mocap_ws/ros2_ws/install/motion_capture_tracking/share/motion_capture_tracking//launch/node.launch
[0.167s] -- Up-to-date: /home/crazyflie/Documents/Sharfi/mocap_ws/ros2_ws/install/motion_capture_tracking/share/motion_capture_tracking//launch/launch.py
[0.167s] -- Up-to-date: /home/crazyflie/Documents/Sharfi/mocap_ws/ros2_ws/install/motion_capture_tracking/share/motion_capture_tracking//config
[0.167s] -- Up-to-date: /home/crazyflie/Documents/Sharfi/mocap_ws/ros2_ws/install/motion_capture_tracking/share/motion_capture_tracking//config/rviz.rviz
[0.167s] -- Up-to-date: /home/crazyflie/Documents/Sharfi/mocap_ws/ros2_ws/install/motion_capture_tracking/share/motion_capture_tracking//config/cfg.yaml
[0.167s] -- Up-to-date: /home/crazyflie/Documents/Sharfi/mocap_ws/ros2_ws/install/motion_capture_tracking/share/ament_index/resource_index/package_run_dependencies/motion_capture_tracking
[0.167s] -- Up-to-date: /home/crazyflie/Documents/Sharfi/mocap_ws/ros2_ws/install/motion_capture_tracking/share/ament_index/resource_index/parent_prefix_path/motion_capture_tracking
[0.167s] -- Up-to-date: /home/crazyflie/Documents/Sharfi/mocap_ws/ros2_ws/install/motion_capture_tracking/share/motion_capture_tracking/environment/ament_prefix_path.sh
[0.167s] -- Up-to-date: /home/crazyflie/Documents/Sharfi/mocap_ws/ros2_ws/install/motion_capture_tracking/share/motion_capture_tracking/environment/ament_prefix_path.dsv
[0.167s] -- Up-to-date: /home/crazyflie/Documents/Sharfi/mocap_ws/ros2_ws/install/motion_capture_tracking/share/motion_capture_tracking/environment/path.sh
[0.168s] -- Up-to-date: /home/crazyflie/Documents/Sharfi/mocap_ws/ros2_ws/install/motion_capture_tracking/share/motion_capture_tracking/environment/path.dsv
[0.168s] -- Up-to-date: /home/crazyflie/Documents/Sharfi/mocap_ws/ros2_ws/install/motion_capture_tracking/share/motion_capture_tracking/local_setup.bash
[0.168s] -- Up-to-date: /home/crazyflie/Documents/Sharfi/mocap_ws/ros2_ws/install/motion_capture_tracking/share/motion_capture_tracking/local_setup.sh
[0.168s] -- Up-to-date: /home/crazyflie/Documents/Sharfi/mocap_ws/ros2_ws/install/motion_capture_tracking/share/motion_capture_tracking/local_setup.zsh
[0.168s] -- Up-to-date: /home/crazyflie/Documents/Sharfi/mocap_ws/ros2_ws/install/motion_capture_tracking/share/motion_capture_tracking/local_setup.dsv
[0.168s] -- Installing: /home/crazyflie/Documents/Sharfi/mocap_ws/ros2_ws/install/motion_capture_tracking/share/motion_capture_tracking/package.dsv
[0.168s] -- Up-to-date: /home/crazyflie/Documents/Sharfi/mocap_ws/ros2_ws/install/motion_capture_tracking/share/ament_index/resource_index/packages/motion_capture_tracking
[0.168s] -- Up-to-date: /home/crazyflie/Documents/Sharfi/mocap_ws/ros2_ws/install/motion_capture_tracking/share/motion_capture_tracking/cmake/motion_capture_trackingConfig.cmake
[0.168s] -- Up-to-date: /home/crazyflie/Documents/Sharfi/mocap_ws/ros2_ws/install/motion_capture_tracking/share/motion_capture_tracking/cmake/motion_capture_trackingConfig-version.cmake
[0.168s] -- Up-to-date: /home/crazyflie/Documents/Sharfi/mocap_ws/ros2_ws/install/motion_capture_tracking/share/motion_capture_tracking/package.xml
[0.170s] Invoked command in '/home/crazyflie/Documents/Sharfi/mocap_ws/ros2_ws/build/motion_capture_tracking' returned '0': AMENT_PREFIX_PATH=/home/crazyflie/Documents/Sharfi/mocap_ws/ros2_ws/install/motion_capture_tracking_interfaces:${AMENT_PREFIX_PATH} CMAKE_PREFIX_PATH=/home/crazyflie/Documents/Sharfi/mocap_ws/ros2_ws/install/motion_capture_tracking_interfaces:/opt/ros/humble CONDA_PROMPT_MODIFIER=(motioncapture) LD_LIBRARY_PATH=/home/crazyflie/Documents/Sharfi/mocap_ws/ros2_ws/install/motion_capture_tracking_interfaces/lib:${LD_LIBRARY_PATH} PYTHONPATH=/home/crazyflie/Documents/Sharfi/mocap_ws/ros2_ws/install/motion_capture_tracking_interfaces/local/lib/python3.10/dist-packages:${PYTHONPATH} /usr/bin/cmake --install /home/crazyflie/Documents/Sharfi/mocap_ws/ros2_ws/build/motion_capture_tracking
