[0.408s] Invoking command in '/home/crazyflie/Documents/Sharfi/mocap_ws/ros2_ws/build/crazyflie_py': CMAKE_PREFIX_PATH=/home/crazyflie/Documents/Sharfi/mocap_ws/ros2_ws/install/crazyflie_interfaces:/home/crazyflie/Documents/Sharfi/mocap_ws/ros2_ws/install/crazyflie_sim:/home/crazyflie/Documents/Sharfi/mocap_ws/ros2_ws/install/crazyflie_examples:/home/crazyflie/Documents/Sharfi/mocap_ws/ros2_ws/install/crazyflie CONDA_PROMPT_MODIFIER=(motioncapture) PYTHONPATH=/home/crazyflie/Documents/Sharfi/mocap_ws/ros2_ws/build/crazyflie_py/prefix_override:/home/crazyflie/.local/lib/python3.10/site-packages/colcon_core/task/python/colcon_distutils_commands:/home/crazyflie/Documents/Sharfi/mocap_ws/ros2_ws/install/crazyflie_py/lib/python3.10/site-packages:${PYTHONPATH} /usr/bin/python3 -W ignore:setup.py install is deprecated setup.py develop --uninstall --editable --build-directory /home/crazyflie/Documents/Sharfi/mocap_ws/ros2_ws/build/crazyflie_py/build
[0.577s] running develop
[0.699s] Removing /home/crazyflie/Documents/Sharfi/mocap_ws/ros2_ws/install/crazyflie_py/lib/python3.10/site-packages/crazyflie-py.egg-link (link to .)
[0.725s] Invoked command in '/home/crazyflie/Documents/Sharfi/mocap_ws/ros2_ws/build/crazyflie_py' returned '0': CMAKE_PREFIX_PATH=/home/crazyflie/Documents/Sharfi/mocap_ws/ros2_ws/install/crazyflie_interfaces:/home/crazyflie/Documents/Sharfi/mocap_ws/ros2_ws/install/crazyflie_sim:/home/crazyflie/Documents/Sharfi/mocap_ws/ros2_ws/install/crazyflie_examples:/home/crazyflie/Documents/Sharfi/mocap_ws/ros2_ws/install/crazyflie CONDA_PROMPT_MODIFIER=(motioncapture) PYTHONPATH=/home/crazyflie/Documents/Sharfi/mocap_ws/ros2_ws/build/crazyflie_py/prefix_override:/home/crazyflie/.local/lib/python3.10/site-packages/colcon_core/task/python/colcon_distutils_commands:/home/crazyflie/Documents/Sharfi/mocap_ws/ros2_ws/install/crazyflie_py/lib/python3.10/site-packages:${PYTHONPATH} /usr/bin/python3 -W ignore:setup.py install is deprecated setup.py develop --uninstall --editable --build-directory /home/crazyflie/Documents/Sharfi/mocap_ws/ros2_ws/build/crazyflie_py/build
[0.726s] Invoking command in '/home/crazyflie/Documents/Sharfi/mocap_ws/ros2_ws/src/crazyswarm2/crazyflie_py': CMAKE_PREFIX_PATH=/home/crazyflie/Documents/Sharfi/mocap_ws/ros2_ws/install/crazyflie_interfaces:/home/crazyflie/Documents/Sharfi/mocap_ws/ros2_ws/install/crazyflie_sim:/home/crazyflie/Documents/Sharfi/mocap_ws/ros2_ws/install/crazyflie_examples:/home/crazyflie/Documents/Sharfi/mocap_ws/ros2_ws/install/crazyflie CONDA_PROMPT_MODIFIER=(motioncapture) PYTHONPATH=/home/crazyflie/Documents/Sharfi/mocap_ws/ros2_ws/build/crazyflie_py/prefix_override:/home/crazyflie/.local/lib/python3.10/site-packages/colcon_core/task/python/colcon_distutils_commands:/home/crazyflie/Documents/Sharfi/mocap_ws/ros2_ws/install/crazyflie_py/lib/python3.10/site-packages:${PYTHONPATH} /usr/bin/python3 -W ignore:setup.py install is deprecated setup.py egg_info --egg-base ../../../build/crazyflie_py build --build-base /home/crazyflie/Documents/Sharfi/mocap_ws/ros2_ws/build/crazyflie_py/build install --record /home/crazyflie/Documents/Sharfi/mocap_ws/ros2_ws/build/crazyflie_py/install.log --single-version-externally-managed install_data --force
[0.892s] running egg_info
[0.892s] writing ../../../build/crazyflie_py/crazyflie_py.egg-info/PKG-INFO
[0.892s] writing dependency_links to ../../../build/crazyflie_py/crazyflie_py.egg-info/dependency_links.txt
[0.892s] writing entry points to ../../../build/crazyflie_py/crazyflie_py.egg-info/entry_points.txt
[0.892s] writing requirements to ../../../build/crazyflie_py/crazyflie_py.egg-info/requires.txt
[0.892s] writing top-level names to ../../../build/crazyflie_py/crazyflie_py.egg-info/top_level.txt
[0.893s] reading manifest file '../../../build/crazyflie_py/crazyflie_py.egg-info/SOURCES.txt'
[0.894s] writing manifest file '../../../build/crazyflie_py/crazyflie_py.egg-info/SOURCES.txt'
[0.894s] running build
[0.894s] running build_py
[0.894s] creating /home/crazyflie/Documents/Sharfi/mocap_ws/ros2_ws/build/crazyflie_py/build
[0.894s] creating /home/crazyflie/Documents/Sharfi/mocap_ws/ros2_ws/build/crazyflie_py/build/lib
[0.894s] creating /home/crazyflie/Documents/Sharfi/mocap_ws/ros2_ws/build/crazyflie_py/build/lib/crazyflie_py
[0.894s] copying crazyflie_py/__init__.py -> /home/crazyflie/Documents/Sharfi/mocap_ws/ros2_ws/build/crazyflie_py/build/lib/crazyflie_py
[0.894s] copying crazyflie_py/genericJoystick.py -> /home/crazyflie/Documents/Sharfi/mocap_ws/ros2_ws/build/crazyflie_py/build/lib/crazyflie_py
[0.894s] copying crazyflie_py/crazyswarm_py.py -> /home/crazyflie/Documents/Sharfi/mocap_ws/ros2_ws/build/crazyflie_py/build/lib/crazyflie_py
[0.894s] copying crazyflie_py/crazyflie.py -> /home/crazyflie/Documents/Sharfi/mocap_ws/ros2_ws/build/crazyflie_py/build/lib/crazyflie_py
[0.894s] copying crazyflie_py/uav_trajectory.py -> /home/crazyflie/Documents/Sharfi/mocap_ws/ros2_ws/build/crazyflie_py/build/lib/crazyflie_py
[0.895s] copying crazyflie_py/keyboard.py -> /home/crazyflie/Documents/Sharfi/mocap_ws/ros2_ws/build/crazyflie_py/build/lib/crazyflie_py
[0.895s] copying crazyflie_py/joystick.py -> /home/crazyflie/Documents/Sharfi/mocap_ws/ros2_ws/build/crazyflie_py/build/lib/crazyflie_py
[0.895s] copying crazyflie_py/util.py -> /home/crazyflie/Documents/Sharfi/mocap_ws/ros2_ws/build/crazyflie_py/build/lib/crazyflie_py
[0.895s] copying crazyflie_py/linuxjsdev.py -> /home/crazyflie/Documents/Sharfi/mocap_ws/ros2_ws/build/crazyflie_py/build/lib/crazyflie_py
[0.895s] running install
[0.895s] running install_lib
[0.895s] creating /home/crazyflie/Documents/Sharfi/mocap_ws/ros2_ws/install/crazyflie_py/lib/python3.10/site-packages/crazyflie_py
[0.895s] copying /home/crazyflie/Documents/Sharfi/mocap_ws/ros2_ws/build/crazyflie_py/build/lib/crazyflie_py/__init__.py -> /home/crazyflie/Documents/Sharfi/mocap_ws/ros2_ws/install/crazyflie_py/lib/python3.10/site-packages/crazyflie_py
[0.896s] copying /home/crazyflie/Documents/Sharfi/mocap_ws/ros2_ws/build/crazyflie_py/build/lib/crazyflie_py/genericJoystick.py -> /home/crazyflie/Documents/Sharfi/mocap_ws/ros2_ws/install/crazyflie_py/lib/python3.10/site-packages/crazyflie_py
[0.896s] copying /home/crazyflie/Documents/Sharfi/mocap_ws/ros2_ws/build/crazyflie_py/build/lib/crazyflie_py/crazyswarm_py.py -> /home/crazyflie/Documents/Sharfi/mocap_ws/ros2_ws/install/crazyflie_py/lib/python3.10/site-packages/crazyflie_py
[0.896s] copying /home/crazyflie/Documents/Sharfi/mocap_ws/ros2_ws/build/crazyflie_py/build/lib/crazyflie_py/crazyflie.py -> /home/crazyflie/Documents/Sharfi/mocap_ws/ros2_ws/install/crazyflie_py/lib/python3.10/site-packages/crazyflie_py
[0.896s] copying /home/crazyflie/Documents/Sharfi/mocap_ws/ros2_ws/build/crazyflie_py/build/lib/crazyflie_py/uav_trajectory.py -> /home/crazyflie/Documents/Sharfi/mocap_ws/ros2_ws/install/crazyflie_py/lib/python3.10/site-packages/crazyflie_py
[0.896s] copying /home/crazyflie/Documents/Sharfi/mocap_ws/ros2_ws/build/crazyflie_py/build/lib/crazyflie_py/keyboard.py -> /home/crazyflie/Documents/Sharfi/mocap_ws/ros2_ws/install/crazyflie_py/lib/python3.10/site-packages/crazyflie_py
[0.896s] copying /home/crazyflie/Documents/Sharfi/mocap_ws/ros2_ws/build/crazyflie_py/build/lib/crazyflie_py/joystick.py -> /home/crazyflie/Documents/Sharfi/mocap_ws/ros2_ws/install/crazyflie_py/lib/python3.10/site-packages/crazyflie_py
[0.896s] copying /home/crazyflie/Documents/Sharfi/mocap_ws/ros2_ws/build/crazyflie_py/build/lib/crazyflie_py/util.py -> /home/crazyflie/Documents/Sharfi/mocap_ws/ros2_ws/install/crazyflie_py/lib/python3.10/site-packages/crazyflie_py
[0.896s] copying /home/crazyflie/Documents/Sharfi/mocap_ws/ros2_ws/build/crazyflie_py/build/lib/crazyflie_py/linuxjsdev.py -> /home/crazyflie/Documents/Sharfi/mocap_ws/ros2_ws/install/crazyflie_py/lib/python3.10/site-packages/crazyflie_py
[0.896s] byte-compiling /home/crazyflie/Documents/Sharfi/mocap_ws/ros2_ws/install/crazyflie_py/lib/python3.10/site-packages/crazyflie_py/__init__.py to __init__.cpython-310.pyc
[0.897s] byte-compiling /home/crazyflie/Documents/Sharfi/mocap_ws/ros2_ws/install/crazyflie_py/lib/python3.10/site-packages/crazyflie_py/genericJoystick.py to genericJoystick.cpython-310.pyc
[0.897s] byte-compiling /home/crazyflie/Documents/Sharfi/mocap_ws/ros2_ws/install/crazyflie_py/lib/python3.10/site-packages/crazyflie_py/crazyswarm_py.py to crazyswarm_py.cpython-310.pyc
[0.897s] byte-compiling /home/crazyflie/Documents/Sharfi/mocap_ws/ros2_ws/install/crazyflie_py/lib/python3.10/site-packages/crazyflie_py/crazyflie.py to crazyflie.cpython-310.pyc
[0.899s] byte-compiling /home/crazyflie/Documents/Sharfi/mocap_ws/ros2_ws/install/crazyflie_py/lib/python3.10/site-packages/crazyflie_py/uav_trajectory.py to uav_trajectory.cpython-310.pyc
[0.900s] byte-compiling /home/crazyflie/Documents/Sharfi/mocap_ws/ros2_ws/install/crazyflie_py/lib/python3.10/site-packages/crazyflie_py/keyboard.py to keyboard.cpython-310.pyc
[0.900s] byte-compiling /home/crazyflie/Documents/Sharfi/mocap_ws/ros2_ws/install/crazyflie_py/lib/python3.10/site-packages/crazyflie_py/joystick.py to joystick.cpython-310.pyc
[0.900s] byte-compiling /home/crazyflie/Documents/Sharfi/mocap_ws/ros2_ws/install/crazyflie_py/lib/python3.10/site-packages/crazyflie_py/util.py to util.cpython-310.pyc
[0.900s] byte-compiling /home/crazyflie/Documents/Sharfi/mocap_ws/ros2_ws/install/crazyflie_py/lib/python3.10/site-packages/crazyflie_py/linuxjsdev.py to linuxjsdev.cpython-310.pyc
[0.901s] running install_data
[0.901s] copying resource/crazyflie_py -> /home/crazyflie/Documents/Sharfi/mocap_ws/ros2_ws/install/crazyflie_py/share/ament_index/resource_index/packages
[0.901s] copying package.xml -> /home/crazyflie/Documents/Sharfi/mocap_ws/ros2_ws/install/crazyflie_py/share/crazyflie_py
[0.901s] running install_egg_info
[0.902s] Copying ../../../build/crazyflie_py/crazyflie_py.egg-info to /home/crazyflie/Documents/Sharfi/mocap_ws/ros2_ws/install/crazyflie_py/lib/python3.10/site-packages/crazyflie_py-1.0.3-py3.10.egg-info
[0.903s] running install_scripts
[0.914s] writing list of installed files to '/home/crazyflie/Documents/Sharfi/mocap_ws/ros2_ws/build/crazyflie_py/install.log'
[0.935s] Invoked command in '/home/crazyflie/Documents/Sharfi/mocap_ws/ros2_ws/src/crazyswarm2/crazyflie_py' returned '0': CMAKE_PREFIX_PATH=/home/crazyflie/Documents/Sharfi/mocap_ws/ros2_ws/install/crazyflie_interfaces:/home/crazyflie/Documents/Sharfi/mocap_ws/ros2_ws/install/crazyflie_sim:/home/crazyflie/Documents/Sharfi/mocap_ws/ros2_ws/install/crazyflie_examples:/home/crazyflie/Documents/Sharfi/mocap_ws/ros2_ws/install/crazyflie CONDA_PROMPT_MODIFIER=(motioncapture) PYTHONPATH=/home/crazyflie/Documents/Sharfi/mocap_ws/ros2_ws/build/crazyflie_py/prefix_override:/home/crazyflie/.local/lib/python3.10/site-packages/colcon_core/task/python/colcon_distutils_commands:/home/crazyflie/Documents/Sharfi/mocap_ws/ros2_ws/install/crazyflie_py/lib/python3.10/site-packages:${PYTHONPATH} /usr/bin/python3 -W ignore:setup.py install is deprecated setup.py egg_info --egg-base ../../../build/crazyflie_py build --build-base /home/crazyflie/Documents/Sharfi/mocap_ws/ros2_ws/build/crazyflie_py/build install --record /home/crazyflie/Documents/Sharfi/mocap_ws/ros2_ws/build/crazyflie_py/install.log --single-version-externally-managed install_data --force
