[0.428s] Invoking command in '/home/crazyflie/Documents/Sharfi/mocap_ws/ros2_ws/build/crazyflie_py': AMENT_PREFIX_PATH=/home/crazyflie/Documents/Sharfi/mocap_ws/ros2_ws/install/crazyflie_interfaces:${AMENT_PREFIX_PATH} CMAKE_PREFIX_PATH=/home/crazyflie/Documents/Sharfi/mocap_ws/ros2_ws/install/crazyflie_interfaces CONDA_PROMPT_MODIFIER=(motioncapture) LD_LIBRARY_PATH=/home/crazyflie/Documents/Sharfi/mocap_ws/ros2_ws/install/crazyflie_interfaces/lib:${LD_LIBRARY_PATH} PYTHONPATH=/home/crazyflie/Documents/Sharfi/mocap_ws/ros2_ws/build/crazyflie_py/prefix_override:/home/crazyflie/.local/lib/python3.10/site-packages/colcon_core/task/python/colcon_distutils_commands:/home/crazyflie/Documents/Sharfi/mocap_ws/ros2_ws/install/crazyflie_py/lib/python3.10/site-packages:/home/crazyflie/Documents/Sharfi/mocap_ws/ros2_ws/install/crazyflie_interfaces/local/lib/python3.10/dist-packages:${PYTHONPATH} /usr/bin/python3 -W ignore:setup.py install is deprecated setup.py develop --editable --build-directory /home/crazyflie/Documents/Sharfi/mocap_ws/ros2_ws/build/crazyflie_py/build --no-deps symlink_data
[0.598s] running develop
[0.713s] running egg_info
[0.713s] creating crazyflie_py.egg-info
[0.713s] writing crazyflie_py.egg-info/PKG-INFO
[0.713s] writing dependency_links to crazyflie_py.egg-info/dependency_links.txt
[0.713s] writing entry points to crazyflie_py.egg-info/entry_points.txt
[0.713s] writing requirements to crazyflie_py.egg-info/requires.txt
[0.713s] writing top-level names to crazyflie_py.egg-info/top_level.txt
[0.714s] writing manifest file 'crazyflie_py.egg-info/SOURCES.txt'
[0.715s] reading manifest file 'crazyflie_py.egg-info/SOURCES.txt'
[0.715s] writing manifest file 'crazyflie_py.egg-info/SOURCES.txt'
[0.716s] running build_ext
[0.716s] Creating /home/crazyflie/Documents/Sharfi/mocap_ws/ros2_ws/install/crazyflie_py/lib/python3.10/site-packages/crazyflie-py.egg-link (link to .)
[0.716s] 
[0.716s] Installed /home/crazyflie/Documents/Sharfi/mocap_ws/ros2_ws/build/crazyflie_py
[0.716s] running symlink_data
[0.716s] creating /home/crazyflie/Documents/Sharfi/mocap_ws/ros2_ws/install/crazyflie_py/share/ament_index
[0.717s] creating /home/crazyflie/Documents/Sharfi/mocap_ws/ros2_ws/install/crazyflie_py/share/ament_index/resource_index
[0.717s] creating /home/crazyflie/Documents/Sharfi/mocap_ws/ros2_ws/install/crazyflie_py/share/ament_index/resource_index/packages
[0.717s] symbolically linking /home/crazyflie/Documents/Sharfi/mocap_ws/ros2_ws/build/crazyflie_py/resource/crazyflie_py -> /home/crazyflie/Documents/Sharfi/mocap_ws/ros2_ws/install/crazyflie_py/share/ament_index/resource_index/packages
[0.717s] symbolically linking /home/crazyflie/Documents/Sharfi/mocap_ws/ros2_ws/build/crazyflie_py/package.xml -> /home/crazyflie/Documents/Sharfi/mocap_ws/ros2_ws/install/crazyflie_py/share/crazyflie_py
[0.740s] Invoked command in '/home/crazyflie/Documents/Sharfi/mocap_ws/ros2_ws/build/crazyflie_py' returned '0': AMENT_PREFIX_PATH=/home/crazyflie/Documents/Sharfi/mocap_ws/ros2_ws/install/crazyflie_interfaces:${AMENT_PREFIX_PATH} CMAKE_PREFIX_PATH=/home/crazyflie/Documents/Sharfi/mocap_ws/ros2_ws/install/crazyflie_interfaces CONDA_PROMPT_MODIFIER=(motioncapture) LD_LIBRARY_PATH=/home/crazyflie/Documents/Sharfi/mocap_ws/ros2_ws/install/crazyflie_interfaces/lib:${LD_LIBRARY_PATH} PYTHONPATH=/home/crazyflie/Documents/Sharfi/mocap_ws/ros2_ws/build/crazyflie_py/prefix_override:/home/crazyflie/.local/lib/python3.10/site-packages/colcon_core/task/python/colcon_distutils_commands:/home/crazyflie/Documents/Sharfi/mocap_ws/ros2_ws/install/crazyflie_py/lib/python3.10/site-packages:/home/crazyflie/Documents/Sharfi/mocap_ws/ros2_ws/install/crazyflie_interfaces/local/lib/python3.10/dist-packages:${PYTHONPATH} /usr/bin/python3 -W ignore:setup.py install is deprecated setup.py develop --editable --build-directory /home/crazyflie/Documents/Sharfi/mocap_ws/ros2_ws/build/crazyflie_py/build --no-deps symlink_data
