[0.008s] Invoking command in '/home/crazyflie/Documents/Sharfi/mocap_ws/ros2_ws/build/crazyflie_examples': AMENT_PREFIX_PATH=/home/crazyflie/Documents/Sharfi/mocap_ws/ros2_ws/install/crazyflie_py:/home/crazyflie/Documents/Sharfi/mocap_ws/ros2_ws/install/crazyflie_sim:/home/crazyflie/Documents/Sharfi/mocap_ws/ros2_ws/install/crazyflie_examples:/home/crazyflie/Documents/Sharfi/mocap_ws/ros2_ws/install/crazyflie:/home/crazyflie/Documents/Sharfi/mocap_ws/ros2_ws/install/crazyflie_interfaces:/opt/ros/humble CMAKE_PREFIX_PATH=/home/crazyflie/Documents/Sharfi/mocap_ws/ros2_ws/install/crazyflie_interfaces:/home/crazyflie/Documents/Sharfi/mocap_ws/ros2_ws/install/crazyflie_sim:/home/crazyflie/Documents/Sharfi/mocap_ws/ros2_ws/install/crazyflie_examples:/home/crazyflie/Documents/Sharfi/mocap_ws/ros2_ws/install/crazyflie:/home/crazyflie/Documents/Sharfi/mocap_ws/ros2_ws/install/crazyflie_py:/opt/ros/humble CONDA_PROMPT_MODIFIER=(motioncapture) PYTHONPATH=/home/crazyflie/Documents/Sharfi/mocap_ws/ros2_ws/install/crazyflie_py/lib/python3.10/site-packages:/home/crazyflie/Documents/Sharfi/mocap_ws/ros2_ws/install/crazyflie_sim/local/lib/python3.10/dist-packages:/home/crazyflie/Documents/Sharfi/mocap_ws/ros2_ws/install/crazyflie_examples/local/lib/python3.10/dist-packages:/home/crazyflie/Documents/Sharfi/mocap_ws/ros2_ws/build/crazyflie_py:/home/crazyflie/Documents/Sharfi/mocap_ws/ros2_ws/install/crazyflie_interfaces/local/lib/python3.10/dist-packages:/opt/ros/humble/lib/python3.10/site-packages:/opt/ros/humble/local/lib/python3.10/dist-packages:/lib/python3.10/site-packages:/lib/python3.10/site-packages /usr/bin/cmake /home/crazyflie/Documents/Sharfi/mocap_ws/ros2_ws/src/crazyswarm2/crazyflie_examples -DCMAKE_INSTALL_PREFIX=/home/crazyflie/Documents/Sharfi/mocap_ws/ros2_ws/install/crazyflie_examples
[0.017s] -- Found ament_cmake: 1.3.12 (/opt/ros/humble/share/ament_cmake/cmake)
[0.099s] -- Override CMake install command with custom implementation using symlinks instead of copying resources
[0.146s] -- Found ament_cmake_pytest: 1.3.12 (/opt/ros/humble/share/ament_cmake_pytest/cmake)
[0.644s] -- Configuring done
[0.647s] -- Generating done
[0.648s] -- Build files have been written to: /home/crazyflie/Documents/Sharfi/mocap_ws/ros2_ws/build/crazyflie_examples
[0.650s] Invoked command in '/home/crazyflie/Documents/Sharfi/mocap_ws/ros2_ws/build/crazyflie_examples' returned '0': AMENT_PREFIX_PATH=/home/crazyflie/Documents/Sharfi/mocap_ws/ros2_ws/install/crazyflie_py:/home/crazyflie/Documents/Sharfi/mocap_ws/ros2_ws/install/crazyflie_sim:/home/crazyflie/Documents/Sharfi/mocap_ws/ros2_ws/install/crazyflie_examples:/home/crazyflie/Documents/Sharfi/mocap_ws/ros2_ws/install/crazyflie:/home/crazyflie/Documents/Sharfi/mocap_ws/ros2_ws/install/crazyflie_interfaces:/opt/ros/humble CMAKE_PREFIX_PATH=/home/crazyflie/Documents/Sharfi/mocap_ws/ros2_ws/install/crazyflie_interfaces:/home/crazyflie/Documents/Sharfi/mocap_ws/ros2_ws/install/crazyflie_sim:/home/crazyflie/Documents/Sharfi/mocap_ws/ros2_ws/install/crazyflie_examples:/home/crazyflie/Documents/Sharfi/mocap_ws/ros2_ws/install/crazyflie:/home/crazyflie/Documents/Sharfi/mocap_ws/ros2_ws/install/crazyflie_py:/opt/ros/humble CONDA_PROMPT_MODIFIER=(motioncapture) PYTHONPATH=/home/crazyflie/Documents/Sharfi/mocap_ws/ros2_ws/install/crazyflie_py/lib/python3.10/site-packages:/home/crazyflie/Documents/Sharfi/mocap_ws/ros2_ws/install/crazyflie_sim/local/lib/python3.10/dist-packages:/home/crazyflie/Documents/Sharfi/mocap_ws/ros2_ws/install/crazyflie_examples/local/lib/python3.10/dist-packages:/home/crazyflie/Documents/Sharfi/mocap_ws/ros2_ws/build/crazyflie_py:/home/crazyflie/Documents/Sharfi/mocap_ws/ros2_ws/install/crazyflie_interfaces/local/lib/python3.10/dist-packages:/opt/ros/humble/lib/python3.10/site-packages:/opt/ros/humble/local/lib/python3.10/dist-packages:/lib/python3.10/site-packages:/lib/python3.10/site-packages /usr/bin/cmake /home/crazyflie/Documents/Sharfi/mocap_ws/ros2_ws/src/crazyswarm2/crazyflie_examples -DCMAKE_INSTALL_PREFIX=/home/crazyflie/Documents/Sharfi/mocap_ws/ros2_ws/install/crazyflie_examples
[0.651s] Invoking command in '/home/crazyflie/Documents/Sharfi/mocap_ws/ros2_ws/build/crazyflie_examples': AMENT_PREFIX_PATH=/home/crazyflie/Documents/Sharfi/mocap_ws/ros2_ws/install/crazyflie_py:/home/crazyflie/Documents/Sharfi/mocap_ws/ros2_ws/install/crazyflie_sim:/home/crazyflie/Documents/Sharfi/mocap_ws/ros2_ws/install/crazyflie_examples:/home/crazyflie/Documents/Sharfi/mocap_ws/ros2_ws/install/crazyflie:/home/crazyflie/Documents/Sharfi/mocap_ws/ros2_ws/install/crazyflie_interfaces:/opt/ros/humble CMAKE_PREFIX_PATH=/home/crazyflie/Documents/Sharfi/mocap_ws/ros2_ws/install/crazyflie_interfaces:/home/crazyflie/Documents/Sharfi/mocap_ws/ros2_ws/install/crazyflie_sim:/home/crazyflie/Documents/Sharfi/mocap_ws/ros2_ws/install/crazyflie_examples:/home/crazyflie/Documents/Sharfi/mocap_ws/ros2_ws/install/crazyflie:/home/crazyflie/Documents/Sharfi/mocap_ws/ros2_ws/install/crazyflie_py:/opt/ros/humble CONDA_PROMPT_MODIFIER=(motioncapture) PYTHONPATH=/home/crazyflie/Documents/Sharfi/mocap_ws/ros2_ws/install/crazyflie_py/lib/python3.10/site-packages:/home/crazyflie/Documents/Sharfi/mocap_ws/ros2_ws/install/crazyflie_sim/local/lib/python3.10/dist-packages:/home/crazyflie/Documents/Sharfi/mocap_ws/ros2_ws/install/crazyflie_examples/local/lib/python3.10/dist-packages:/home/crazyflie/Documents/Sharfi/mocap_ws/ros2_ws/build/crazyflie_py:/home/crazyflie/Documents/Sharfi/mocap_ws/ros2_ws/install/crazyflie_interfaces/local/lib/python3.10/dist-packages:/opt/ros/humble/lib/python3.10/site-packages:/opt/ros/humble/local/lib/python3.10/dist-packages:/lib/python3.10/site-packages:/lib/python3.10/site-packages /usr/bin/cmake --build /home/crazyflie/Documents/Sharfi/mocap_ws/ros2_ws/build/crazyflie_examples -- -j16 -l16
[0.690s] Built target ament_cmake_python_symlink_crazyflie_examples_setup
[0.690s] Built target ament_cmake_python_symlink_crazyflie_examples
[0.853s] running install_scripts
[0.858s] running egg_info
[0.858s] writing crazyflie_examples.egg-info/PKG-INFO
[0.858s] writing dependency_links to crazyflie_examples.egg-info/dependency_links.txt
[0.858s] writing entry points to crazyflie_examples.egg-info/entry_points.txt
[0.859s] writing top-level names to crazyflie_examples.egg-info/top_level.txt
[0.860s] reading manifest file 'crazyflie_examples.egg-info/SOURCES.txt'
[0.860s] writing manifest file 'crazyflie_examples.egg-info/SOURCES.txt'
[0.866s] running egg_info
[0.866s] writing crazyflie_examples.egg-info/PKG-INFO
[0.866s] writing dependency_links to crazyflie_examples.egg-info/dependency_links.txt
[0.866s] writing entry points to crazyflie_examples.egg-info/entry_points.txt
[0.866s] writing top-level names to crazyflie_examples.egg-info/top_level.txt
[0.868s] reading manifest file 'crazyflie_examples.egg-info/SOURCES.txt'
[0.868s] writing manifest file 'crazyflie_examples.egg-info/SOURCES.txt'
[0.869s] Installing arming script to scripts
[0.869s] Installing cmd_full_state script to scripts
[0.869s] Installing figure8 script to scripts
[0.869s] Installing group_mask script to scripts
[0.869s] Installing hello_world script to scripts
[0.869s] Installing infinite_flight script to scripts
[0.869s] Installing multi_trajectory script to scripts
[0.869s] Installing nice_hover script to scripts
[0.869s] Installing set_param script to scripts
[0.870s] Installing swap script to scripts
[0.881s] Built target ament_cmake_python_build_crazyflie_examples_egg
[0.893s] Built target ament_cmake_python_build_crazyflie_examples_scripts
[0.901s] Invoked command in '/home/crazyflie/Documents/Sharfi/mocap_ws/ros2_ws/build/crazyflie_examples' returned '0': AMENT_PREFIX_PATH=/home/crazyflie/Documents/Sharfi/mocap_ws/ros2_ws/install/crazyflie_py:/home/crazyflie/Documents/Sharfi/mocap_ws/ros2_ws/install/crazyflie_sim:/home/crazyflie/Documents/Sharfi/mocap_ws/ros2_ws/install/crazyflie_examples:/home/crazyflie/Documents/Sharfi/mocap_ws/ros2_ws/install/crazyflie:/home/crazyflie/Documents/Sharfi/mocap_ws/ros2_ws/install/crazyflie_interfaces:/opt/ros/humble CMAKE_PREFIX_PATH=/home/crazyflie/Documents/Sharfi/mocap_ws/ros2_ws/install/crazyflie_interfaces:/home/crazyflie/Documents/Sharfi/mocap_ws/ros2_ws/install/crazyflie_sim:/home/crazyflie/Documents/Sharfi/mocap_ws/ros2_ws/install/crazyflie_examples:/home/crazyflie/Documents/Sharfi/mocap_ws/ros2_ws/install/crazyflie:/home/crazyflie/Documents/Sharfi/mocap_ws/ros2_ws/install/crazyflie_py:/opt/ros/humble CONDA_PROMPT_MODIFIER=(motioncapture) PYTHONPATH=/home/crazyflie/Documents/Sharfi/mocap_ws/ros2_ws/install/crazyflie_py/lib/python3.10/site-packages:/home/crazyflie/Documents/Sharfi/mocap_ws/ros2_ws/install/crazyflie_sim/local/lib/python3.10/dist-packages:/home/crazyflie/Documents/Sharfi/mocap_ws/ros2_ws/install/crazyflie_examples/local/lib/python3.10/dist-packages:/home/crazyflie/Documents/Sharfi/mocap_ws/ros2_ws/build/crazyflie_py:/home/crazyflie/Documents/Sharfi/mocap_ws/ros2_ws/install/crazyflie_interfaces/local/lib/python3.10/dist-packages:/opt/ros/humble/lib/python3.10/site-packages:/opt/ros/humble/local/lib/python3.10/dist-packages:/lib/python3.10/site-packages:/lib/python3.10/site-packages /usr/bin/cmake --build /home/crazyflie/Documents/Sharfi/mocap_ws/ros2_ws/build/crazyflie_examples -- -j16 -l16
[0.919s] Invoking command in '/home/crazyflie/Documents/Sharfi/mocap_ws/ros2_ws/build/crazyflie_examples': AMENT_PREFIX_PATH=/home/crazyflie/Documents/Sharfi/mocap_ws/ros2_ws/install/crazyflie_py:/home/crazyflie/Documents/Sharfi/mocap_ws/ros2_ws/install/crazyflie_sim:/home/crazyflie/Documents/Sharfi/mocap_ws/ros2_ws/install/crazyflie_examples:/home/crazyflie/Documents/Sharfi/mocap_ws/ros2_ws/install/crazyflie:/home/crazyflie/Documents/Sharfi/mocap_ws/ros2_ws/install/crazyflie_interfaces:/opt/ros/humble CMAKE_PREFIX_PATH=/home/crazyflie/Documents/Sharfi/mocap_ws/ros2_ws/install/crazyflie_interfaces:/home/crazyflie/Documents/Sharfi/mocap_ws/ros2_ws/install/crazyflie_sim:/home/crazyflie/Documents/Sharfi/mocap_ws/ros2_ws/install/crazyflie_examples:/home/crazyflie/Documents/Sharfi/mocap_ws/ros2_ws/install/crazyflie:/home/crazyflie/Documents/Sharfi/mocap_ws/ros2_ws/install/crazyflie_py:/opt/ros/humble CONDA_PROMPT_MODIFIER=(motioncapture) PYTHONPATH=/home/crazyflie/Documents/Sharfi/mocap_ws/ros2_ws/install/crazyflie_py/lib/python3.10/site-packages:/home/crazyflie/Documents/Sharfi/mocap_ws/ros2_ws/install/crazyflie_sim/local/lib/python3.10/dist-packages:/home/crazyflie/Documents/Sharfi/mocap_ws/ros2_ws/install/crazyflie_examples/local/lib/python3.10/dist-packages:/home/crazyflie/Documents/Sharfi/mocap_ws/ros2_ws/build/crazyflie_py:/home/crazyflie/Documents/Sharfi/mocap_ws/ros2_ws/install/crazyflie_interfaces/local/lib/python3.10/dist-packages:/opt/ros/humble/lib/python3.10/site-packages:/opt/ros/humble/local/lib/python3.10/dist-packages:/lib/python3.10/site-packages:/lib/python3.10/site-packages /usr/bin/cmake --install /home/crazyflie/Documents/Sharfi/mocap_ws/ros2_ws/build/crazyflie_examples
[0.925s] -- Install configuration: "Release"
[0.925s] -- Execute custom install script
[0.925s] -- Up-to-date symlink: /home/crazyflie/Documents/Sharfi/mocap_ws/ros2_ws/install/crazyflie_examples/share/crazyflie_examples/environment/pythonpath.sh
[0.925s] -- Up-to-date symlink: /home/crazyflie/Documents/Sharfi/mocap_ws/ros2_ws/install/crazyflie_examples/share/crazyflie_examples/environment/pythonpath.dsv
[0.926s] -- Up-to-date symlink: /home/crazyflie/Documents/Sharfi/mocap_ws/ros2_ws/install/crazyflie_examples/local/lib/python3.10/dist-packages/crazyflie_examples-1.0.3-py3.10.egg-info/PKG-INFO
[0.926s] -- Up-to-date symlink: /home/crazyflie/Documents/Sharfi/mocap_ws/ros2_ws/install/crazyflie_examples/local/lib/python3.10/dist-packages/crazyflie_examples-1.0.3-py3.10.egg-info/SOURCES.txt
[0.926s] -- Up-to-date symlink: /home/crazyflie/Documents/Sharfi/mocap_ws/ros2_ws/install/crazyflie_examples/local/lib/python3.10/dist-packages/crazyflie_examples-1.0.3-py3.10.egg-info/dependency_links.txt
[0.926s] -- Up-to-date symlink: /home/crazyflie/Documents/Sharfi/mocap_ws/ros2_ws/install/crazyflie_examples/local/lib/python3.10/dist-packages/crazyflie_examples-1.0.3-py3.10.egg-info/entry_points.txt
[0.926s] -- Up-to-date symlink: /home/crazyflie/Documents/Sharfi/mocap_ws/ros2_ws/install/crazyflie_examples/local/lib/python3.10/dist-packages/crazyflie_examples-1.0.3-py3.10.egg-info/top_level.txt
[0.927s] -- Up-to-date symlink: /home/crazyflie/Documents/Sharfi/mocap_ws/ros2_ws/install/crazyflie_examples/lib/crazyflie_examples//arming
[0.927s] -- Up-to-date symlink: /home/crazyflie/Documents/Sharfi/mocap_ws/ros2_ws/install/crazyflie_examples/lib/crazyflie_examples//cmd_full_state
[0.927s] -- Up-to-date symlink: /home/crazyflie/Documents/Sharfi/mocap_ws/ros2_ws/install/crazyflie_examples/lib/crazyflie_examples//figure8
[0.927s] -- Up-to-date symlink: /home/crazyflie/Documents/Sharfi/mocap_ws/ros2_ws/install/crazyflie_examples/lib/crazyflie_examples//group_mask
[0.927s] -- Up-to-date symlink: /home/crazyflie/Documents/Sharfi/mocap_ws/ros2_ws/install/crazyflie_examples/lib/crazyflie_examples//hello_world
[0.927s] -- Up-to-date symlink: /home/crazyflie/Documents/Sharfi/mocap_ws/ros2_ws/install/crazyflie_examples/lib/crazyflie_examples//infinite_flight
[0.927s] -- Up-to-date symlink: /home/crazyflie/Documents/Sharfi/mocap_ws/ros2_ws/install/crazyflie_examples/lib/crazyflie_examples//multi_trajectory
[0.927s] -- Up-to-date symlink: /home/crazyflie/Documents/Sharfi/mocap_ws/ros2_ws/install/crazyflie_examples/lib/crazyflie_examples//nice_hover
[0.927s] -- Up-to-date symlink: /home/crazyflie/Documents/Sharfi/mocap_ws/ros2_ws/install/crazyflie_examples/lib/crazyflie_examples//set_param
[0.927s] -- Up-to-date symlink: /home/crazyflie/Documents/Sharfi/mocap_ws/ros2_ws/install/crazyflie_examples/lib/crazyflie_examples//swap
[0.928s] -- Up-to-date symlink: /home/crazyflie/Documents/Sharfi/mocap_ws/ros2_ws/install/crazyflie_examples/local/lib/python3.10/dist-packages/crazyflie_examples/__init__.py
[0.928s] -- Up-to-date symlink: /home/crazyflie/Documents/Sharfi/mocap_ws/ros2_ws/install/crazyflie_examples/local/lib/python3.10/dist-packages/crazyflie_examples/arming.py
[0.928s] -- Up-to-date symlink: /home/crazyflie/Documents/Sharfi/mocap_ws/ros2_ws/install/crazyflie_examples/local/lib/python3.10/dist-packages/crazyflie_examples/cmd_full_state.py
[0.928s] -- Up-to-date symlink: /home/crazyflie/Documents/Sharfi/mocap_ws/ros2_ws/install/crazyflie_examples/local/lib/python3.10/dist-packages/crazyflie_examples/data/figure8.csv
[0.928s] -- Up-to-date symlink: /home/crazyflie/Documents/Sharfi/mocap_ws/ros2_ws/install/crazyflie_examples/local/lib/python3.10/dist-packages/crazyflie_examples/data/multi_trajectory/traj0.csv
[0.928s] -- Up-to-date symlink: /home/crazyflie/Documents/Sharfi/mocap_ws/ros2_ws/install/crazyflie_examples/local/lib/python3.10/dist-packages/crazyflie_examples/data/multi_trajectory/traj1.csv
[0.928s] -- Up-to-date symlink: /home/crazyflie/Documents/Sharfi/mocap_ws/ros2_ws/install/crazyflie_examples/local/lib/python3.10/dist-packages/crazyflie_examples/figure8.py
[0.928s] -- Up-to-date symlink: /home/crazyflie/Documents/Sharfi/mocap_ws/ros2_ws/install/crazyflie_examples/local/lib/python3.10/dist-packages/crazyflie_examples/group_mask.py
[0.928s] -- Up-to-date symlink: /home/crazyflie/Documents/Sharfi/mocap_ws/ros2_ws/install/crazyflie_examples/local/lib/python3.10/dist-packages/crazyflie_examples/hello_world.py
[0.928s] -- Up-to-date symlink: /home/crazyflie/Documents/Sharfi/mocap_ws/ros2_ws/install/crazyflie_examples/local/lib/python3.10/dist-packages/crazyflie_examples/infinite_flight.py
[0.929s] -- Up-to-date symlink: /home/crazyflie/Documents/Sharfi/mocap_ws/ros2_ws/install/crazyflie_examples/local/lib/python3.10/dist-packages/crazyflie_examples/multi_trajectory.py
[0.929s] -- Up-to-date symlink: /home/crazyflie/Documents/Sharfi/mocap_ws/ros2_ws/install/crazyflie_examples/local/lib/python3.10/dist-packages/crazyflie_examples/nice_hover.py
[0.929s] -- Up-to-date symlink: /home/crazyflie/Documents/Sharfi/mocap_ws/ros2_ws/install/crazyflie_examples/local/lib/python3.10/dist-packages/crazyflie_examples/set_param.py
[0.929s] -- Up-to-date symlink: /home/crazyflie/Documents/Sharfi/mocap_ws/ros2_ws/install/crazyflie_examples/local/lib/python3.10/dist-packages/crazyflie_examples/swap.py
[0.929s] -- Up-to-date symlink: /home/crazyflie/Documents/Sharfi/mocap_ws/ros2_ws/install/crazyflie_examples/share/crazyflie_examples//config/nav2_params.yaml
[0.929s] -- Up-to-date symlink: /home/crazyflie/Documents/Sharfi/mocap_ws/ros2_ws/install/crazyflie_examples/share/crazyflie_examples//config/nav2_view.rviz
[0.929s] -- Up-to-date symlink: /home/crazyflie/Documents/Sharfi/mocap_ws/ros2_ws/install/crazyflie_examples/share/crazyflie_examples//config/slam_params.yaml
[0.929s] -- Up-to-date symlink: /home/crazyflie/Documents/Sharfi/mocap_ws/ros2_ws/install/crazyflie_examples/share/crazyflie_examples//data/map.data
[0.929s] -- Up-to-date symlink: /home/crazyflie/Documents/Sharfi/mocap_ws/ros2_ws/install/crazyflie_examples/share/crazyflie_examples//data/map.pgm
[0.929s] -- Up-to-date symlink: /home/crazyflie/Documents/Sharfi/mocap_ws/ros2_ws/install/crazyflie_examples/share/crazyflie_examples//data/map.posegraph
[0.929s] -- Up-to-date symlink: /home/crazyflie/Documents/Sharfi/mocap_ws/ros2_ws/install/crazyflie_examples/share/crazyflie_examples//data/map.yaml
[0.930s] -- Up-to-date symlink: /home/crazyflie/Documents/Sharfi/mocap_ws/ros2_ws/install/crazyflie_examples/share/crazyflie_examples//launch/keyboard_velmux_launch.py
[0.930s] -- Up-to-date symlink: /home/crazyflie/Documents/Sharfi/mocap_ws/ros2_ws/install/crazyflie_examples/share/crazyflie_examples//launch/launch.py
[0.930s] -- Up-to-date symlink: /home/crazyflie/Documents/Sharfi/mocap_ws/ros2_ws/install/crazyflie_examples/share/crazyflie_examples//launch/multiranger_mapping_launch.py
[0.930s] -- Up-to-date symlink: /home/crazyflie/Documents/Sharfi/mocap_ws/ros2_ws/install/crazyflie_examples/share/crazyflie_examples//launch/multiranger_nav2_launch.py
[0.930s] -- Up-to-date symlink: /home/crazyflie/Documents/Sharfi/mocap_ws/ros2_ws/install/crazyflie_examples/share/crazyflie_examples//launch/multiranger_simple_mapper_launch.py
[0.930s] -- Up-to-date symlink: /home/crazyflie/Documents/Sharfi/mocap_ws/ros2_ws/install/crazyflie_examples/share/ament_index/resource_index/package_run_dependencies/crazyflie_examples
[0.930s] -- Up-to-date symlink: /home/crazyflie/Documents/Sharfi/mocap_ws/ros2_ws/install/crazyflie_examples/share/ament_index/resource_index/parent_prefix_path/crazyflie_examples
[0.930s] -- Up-to-date symlink: /home/crazyflie/Documents/Sharfi/mocap_ws/ros2_ws/install/crazyflie_examples/share/crazyflie_examples/environment/ament_prefix_path.sh
[0.930s] -- Up-to-date symlink: /home/crazyflie/Documents/Sharfi/mocap_ws/ros2_ws/install/crazyflie_examples/share/crazyflie_examples/environment/ament_prefix_path.dsv
[0.931s] -- Up-to-date symlink: /home/crazyflie/Documents/Sharfi/mocap_ws/ros2_ws/install/crazyflie_examples/share/crazyflie_examples/environment/path.sh
[0.931s] -- Up-to-date symlink: /home/crazyflie/Documents/Sharfi/mocap_ws/ros2_ws/install/crazyflie_examples/share/crazyflie_examples/environment/path.dsv
[0.931s] -- Up-to-date symlink: /home/crazyflie/Documents/Sharfi/mocap_ws/ros2_ws/install/crazyflie_examples/share/crazyflie_examples/local_setup.bash
[0.931s] -- Up-to-date symlink: /home/crazyflie/Documents/Sharfi/mocap_ws/ros2_ws/install/crazyflie_examples/share/crazyflie_examples/local_setup.sh
[0.931s] -- Up-to-date symlink: /home/crazyflie/Documents/Sharfi/mocap_ws/ros2_ws/install/crazyflie_examples/share/crazyflie_examples/local_setup.zsh
[0.931s] -- Up-to-date symlink: /home/crazyflie/Documents/Sharfi/mocap_ws/ros2_ws/install/crazyflie_examples/share/crazyflie_examples/local_setup.dsv
[0.931s] -- Symlinking: /home/crazyflie/Documents/Sharfi/mocap_ws/ros2_ws/install/crazyflie_examples/share/crazyflie_examples/package.dsv
[0.937s] -- Up-to-date symlink: /home/crazyflie/Documents/Sharfi/mocap_ws/ros2_ws/install/crazyflie_examples/share/ament_index/resource_index/packages/crazyflie_examples
[0.937s] -- Up-to-date symlink: /home/crazyflie/Documents/Sharfi/mocap_ws/ros2_ws/install/crazyflie_examples/share/crazyflie_examples/cmake/crazyflie_examplesConfig.cmake
[0.938s] -- Up-to-date symlink: /home/crazyflie/Documents/Sharfi/mocap_ws/ros2_ws/install/crazyflie_examples/share/crazyflie_examples/cmake/crazyflie_examplesConfig-version.cmake
[0.938s] -- Up-to-date symlink: /home/crazyflie/Documents/Sharfi/mocap_ws/ros2_ws/install/crazyflie_examples/share/crazyflie_examples/package.xml
[0.960s] Listing '/home/crazyflie/Documents/Sharfi/mocap_ws/ros2_ws/install/crazyflie_examples/local/lib/python3.10/dist-packages/crazyflie_examples'...
[0.960s] Listing '/home/crazyflie/Documents/Sharfi/mocap_ws/ros2_ws/install/crazyflie_examples/local/lib/python3.10/dist-packages/crazyflie_examples/data'...
[0.960s] Listing '/home/crazyflie/Documents/Sharfi/mocap_ws/ros2_ws/install/crazyflie_examples/local/lib/python3.10/dist-packages/crazyflie_examples/data/multi_trajectory'...
[0.965s] Invoked command in '/home/crazyflie/Documents/Sharfi/mocap_ws/ros2_ws/build/crazyflie_examples' returned '0': AMENT_PREFIX_PATH=/home/crazyflie/Documents/Sharfi/mocap_ws/ros2_ws/install/crazyflie_py:/home/crazyflie/Documents/Sharfi/mocap_ws/ros2_ws/install/crazyflie_sim:/home/crazyflie/Documents/Sharfi/mocap_ws/ros2_ws/install/crazyflie_examples:/home/crazyflie/Documents/Sharfi/mocap_ws/ros2_ws/install/crazyflie:/home/crazyflie/Documents/Sharfi/mocap_ws/ros2_ws/install/crazyflie_interfaces:/opt/ros/humble CMAKE_PREFIX_PATH=/home/crazyflie/Documents/Sharfi/mocap_ws/ros2_ws/install/crazyflie_interfaces:/home/crazyflie/Documents/Sharfi/mocap_ws/ros2_ws/install/crazyflie_sim:/home/crazyflie/Documents/Sharfi/mocap_ws/ros2_ws/install/crazyflie_examples:/home/crazyflie/Documents/Sharfi/mocap_ws/ros2_ws/install/crazyflie:/home/crazyflie/Documents/Sharfi/mocap_ws/ros2_ws/install/crazyflie_py:/opt/ros/humble CONDA_PROMPT_MODIFIER=(motioncapture) PYTHONPATH=/home/crazyflie/Documents/Sharfi/mocap_ws/ros2_ws/install/crazyflie_py/lib/python3.10/site-packages:/home/crazyflie/Documents/Sharfi/mocap_ws/ros2_ws/install/crazyflie_sim/local/lib/python3.10/dist-packages:/home/crazyflie/Documents/Sharfi/mocap_ws/ros2_ws/install/crazyflie_examples/local/lib/python3.10/dist-packages:/home/crazyflie/Documents/Sharfi/mocap_ws/ros2_ws/build/crazyflie_py:/home/crazyflie/Documents/Sharfi/mocap_ws/ros2_ws/install/crazyflie_interfaces/local/lib/python3.10/dist-packages:/opt/ros/humble/lib/python3.10/site-packages:/opt/ros/humble/local/lib/python3.10/dist-packages:/lib/python3.10/site-packages:/lib/python3.10/site-packages /usr/bin/cmake --install /home/crazyflie/Documents/Sharfi/mocap_ws/ros2_ws/build/crazyflie_examples
