[0.007s] Invoking command in '/home/crazyflie/Documents/Sharfi/mocap_ws/ros2_ws/build/motion_capture_tracking': CMAKE_PREFIX_PATH=/home/crazyflie/Documents/Sharfi/mocap_ws/ros2_ws/install/motion_capture_tracking_interfaces:/home/crazyflie/Documents/Sharfi/mocap_ws/ros2_ws/install/motion_capture_tracking:/home/crazyflie/Documents/Sharfi/mocap_ws/ros2_ws/install/crazyflie:/home/crazyflie/Documents/Sharfi/mocap_ws/ros2_ws/install/crazyflie_sim:/home/crazyflie/Documents/Sharfi/mocap_ws/ros2_ws/install/crazyflie_examples:/home/crazyflie/Documents/Sharfi/mocap_ws/ros2_ws/install/crazyflie_interfaces:/home/crazyflie/Documents/Sharfi/mocap_ws/ros2_ws/install/crazyflie_py:/opt/ros/humble /usr/bin/cmake --build /home/crazyflie/Documents/Sharfi/mocap_ws/ros2_ws/build/motion_capture_tracking -- -j16 -l16
[0.044s] [  7%] Built target quat
[0.044s] [ 15%] Built target qualisys_cpp_sdk
[0.052s] [ 19%] Built target librigidbodytracker
[0.062s] [ 36%] Built target ViconDataStreamSDK_CPP
[0.063s] [ 82%] Built target vrpn
[0.088s] [ 96%] Built target libmotioncapture
[0.111s] [100%] Built target motion_capture_tracking_node
[0.120s] Invoked command in '/home/crazyflie/Documents/Sharfi/mocap_ws/ros2_ws/build/motion_capture_tracking' returned '0': CMAKE_PREFIX_PATH=/home/crazyflie/Documents/Sharfi/mocap_ws/ros2_ws/install/motion_capture_tracking_interfaces:/home/crazyflie/Documents/Sharfi/mocap_ws/ros2_ws/install/motion_capture_tracking:/home/crazyflie/Documents/Sharfi/mocap_ws/ros2_ws/install/crazyflie:/home/crazyflie/Documents/Sharfi/mocap_ws/ros2_ws/install/crazyflie_sim:/home/crazyflie/Documents/Sharfi/mocap_ws/ros2_ws/install/crazyflie_examples:/home/crazyflie/Documents/Sharfi/mocap_ws/ros2_ws/install/crazyflie_interfaces:/home/crazyflie/Documents/Sharfi/mocap_ws/ros2_ws/install/crazyflie_py:/opt/ros/humble /usr/bin/cmake --build /home/crazyflie/Documents/Sharfi/mocap_ws/ros2_ws/build/motion_capture_tracking -- -j16 -l16
[0.163s] Invoking command in '/home/crazyflie/Documents/Sharfi/mocap_ws/ros2_ws/build/motion_capture_tracking': CMAKE_PREFIX_PATH=/home/crazyflie/Documents/Sharfi/mocap_ws/ros2_ws/install/motion_capture_tracking_interfaces:/home/crazyflie/Documents/Sharfi/mocap_ws/ros2_ws/install/motion_capture_tracking:/home/crazyflie/Documents/Sharfi/mocap_ws/ros2_ws/install/crazyflie:/home/crazyflie/Documents/Sharfi/mocap_ws/ros2_ws/install/crazyflie_sim:/home/crazyflie/Documents/Sharfi/mocap_ws/ros2_ws/install/crazyflie_examples:/home/crazyflie/Documents/Sharfi/mocap_ws/ros2_ws/install/crazyflie_interfaces:/home/crazyflie/Documents/Sharfi/mocap_ws/ros2_ws/install/crazyflie_py:/opt/ros/humble /usr/bin/cmake --install /home/crazyflie/Documents/Sharfi/mocap_ws/ros2_ws/build/motion_capture_tracking
[0.168s] -- Install configuration: ""
[0.168s] -- Up-to-date: /home/crazyflie/Documents/Sharfi/mocap_ws/ros2_ws/install/motion_capture_tracking/lib/motion_capture_tracking/motion_capture_tracking_node
[0.169s] -- Up-to-date: /home/crazyflie/Documents/Sharfi/mocap_ws/ros2_ws/install/motion_capture_tracking/lib/motion_capture_tracking/libNatNet.so
[0.169s] -- Up-to-date: /home/crazyflie/Documents/Sharfi/mocap_ws/ros2_ws/install/motion_capture_tracking/share/motion_capture_tracking//launch
[0.169s] -- Up-to-date: /home/crazyflie/Documents/Sharfi/mocap_ws/ros2_ws/install/motion_capture_tracking/share/motion_capture_tracking//launch/node.launch
[0.169s] -- Up-to-date: /home/crazyflie/Documents/Sharfi/mocap_ws/ros2_ws/install/motion_capture_tracking/share/motion_capture_tracking//launch/launch.py
[0.169s] -- Up-to-date: /home/crazyflie/Documents/Sharfi/mocap_ws/ros2_ws/install/motion_capture_tracking/share/motion_capture_tracking//config
[0.169s] -- Up-to-date: /home/crazyflie/Documents/Sharfi/mocap_ws/ros2_ws/install/motion_capture_tracking/share/motion_capture_tracking//config/rviz.rviz
[0.169s] -- Up-to-date: /home/crazyflie/Documents/Sharfi/mocap_ws/ros2_ws/install/motion_capture_tracking/share/motion_capture_tracking//config/cfg.yaml
[0.169s] -- Up-to-date: /home/crazyflie/Documents/Sharfi/mocap_ws/ros2_ws/install/motion_capture_tracking/share/ament_index/resource_index/package_run_dependencies/motion_capture_tracking
[0.169s] -- Up-to-date: /home/crazyflie/Documents/Sharfi/mocap_ws/ros2_ws/install/motion_capture_tracking/share/ament_index/resource_index/parent_prefix_path/motion_capture_tracking
[0.170s] -- Up-to-date: /home/crazyflie/Documents/Sharfi/mocap_ws/ros2_ws/install/motion_capture_tracking/share/motion_capture_tracking/environment/ament_prefix_path.sh
[0.170s] -- Up-to-date: /home/crazyflie/Documents/Sharfi/mocap_ws/ros2_ws/install/motion_capture_tracking/share/motion_capture_tracking/environment/ament_prefix_path.dsv
[0.170s] -- Up-to-date: /home/crazyflie/Documents/Sharfi/mocap_ws/ros2_ws/install/motion_capture_tracking/share/motion_capture_tracking/environment/path.sh
[0.172s] -- Up-to-date: /home/crazyflie/Documents/Sharfi/mocap_ws/ros2_ws/install/motion_capture_tracking/share/motion_capture_tracking/environment/path.dsv
[0.172s] -- Up-to-date: /home/crazyflie/Documents/Sharfi/mocap_ws/ros2_ws/install/motion_capture_tracking/share/motion_capture_tracking/local_setup.bash
[0.172s] -- Up-to-date: /home/crazyflie/Documents/Sharfi/mocap_ws/ros2_ws/install/motion_capture_tracking/share/motion_capture_tracking/local_setup.sh
[0.172s] -- Up-to-date: /home/crazyflie/Documents/Sharfi/mocap_ws/ros2_ws/install/motion_capture_tracking/share/motion_capture_tracking/local_setup.zsh
[0.172s] -- Up-to-date: /home/crazyflie/Documents/Sharfi/mocap_ws/ros2_ws/install/motion_capture_tracking/share/motion_capture_tracking/local_setup.dsv
[0.173s] -- Installing: /home/crazyflie/Documents/Sharfi/mocap_ws/ros2_ws/install/motion_capture_tracking/share/motion_capture_tracking/package.dsv
[0.173s] -- Up-to-date: /home/crazyflie/Documents/Sharfi/mocap_ws/ros2_ws/install/motion_capture_tracking/share/ament_index/resource_index/packages/motion_capture_tracking
[0.173s] -- Up-to-date: /home/crazyflie/Documents/Sharfi/mocap_ws/ros2_ws/install/motion_capture_tracking/share/motion_capture_tracking/cmake/motion_capture_trackingConfig.cmake
[0.173s] -- Up-to-date: /home/crazyflie/Documents/Sharfi/mocap_ws/ros2_ws/install/motion_capture_tracking/share/motion_capture_tracking/cmake/motion_capture_trackingConfig-version.cmake
[0.173s] -- Up-to-date: /home/crazyflie/Documents/Sharfi/mocap_ws/ros2_ws/install/motion_capture_tracking/share/motion_capture_tracking/package.xml
[0.177s] Invoked command in '/home/crazyflie/Documents/Sharfi/mocap_ws/ros2_ws/build/motion_capture_tracking' returned '0': CMAKE_PREFIX_PATH=/home/crazyflie/Documents/Sharfi/mocap_ws/ros2_ws/install/motion_capture_tracking_interfaces:/home/crazyflie/Documents/Sharfi/mocap_ws/ros2_ws/install/motion_capture_tracking:/home/crazyflie/Documents/Sharfi/mocap_ws/ros2_ws/install/crazyflie:/home/crazyflie/Documents/Sharfi/mocap_ws/ros2_ws/install/crazyflie_sim:/home/crazyflie/Documents/Sharfi/mocap_ws/ros2_ws/install/crazyflie_examples:/home/crazyflie/Documents/Sharfi/mocap_ws/ros2_ws/install/crazyflie_interfaces:/home/crazyflie/Documents/Sharfi/mocap_ws/ros2_ws/install/crazyflie_py:/opt/ros/humble /usr/bin/cmake --install /home/crazyflie/Documents/Sharfi/mocap_ws/ros2_ws/build/motion_capture_tracking
