[0.008s] Invoking command in '/home/crazyflie/Documents/Sharfi/mocap_ws/ros2_ws/build/motion_capture_tracking': AMENT_PREFIX_PATH=/home/crazyflie/Documents/Sharfi/mocap_ws/ros2_ws/install/motion_capture_tracking_interfaces:${AMENT_PREFIX_PATH} CMAKE_PREFIX_PATH=/home/crazyflie/Documents/Sharfi/mocap_ws/ros2_ws/install/motion_capture_tracking_interfaces:/home/crazyflie/Documents/Sharfi/mocap_ws/ros2_ws/install/crazyflie_sim:/home/crazyflie/Documents/Sharfi/mocap_ws/ros2_ws/install/crazyflie_examples:/home/crazyflie/Documents/Sharfi/mocap_ws/ros2_ws/install/crazyflie:/home/crazyflie/Documents/Sharfi/mocap_ws/ros2_ws/install/crazyflie_interfaces:/home/crazyflie/Documents/Sharfi/mocap_ws/ros2_ws/install/crazyflie_py:/opt/ros/humble CONDA_PROMPT_MODIFIER=(motioncapture) LD_LIBRARY_PATH=/home/crazyflie/Documents/Sharfi/mocap_ws/ros2_ws/install/motion_capture_tracking_interfaces/lib:${LD_LIBRARY_PATH} PYTHONPATH=/home/crazyflie/Documents/Sharfi/mocap_ws/ros2_ws/install/motion_capture_tracking_interfaces/local/lib/python3.10/dist-packages:${PYTHONPATH} /usr/bin/cmake --build /home/crazyflie/Documents/Sharfi/mocap_ws/ros2_ws/build/motion_capture_tracking -- -j16 -l16
[0.043s] [35m[1mConsolidate compiler generated dependencies of target quat[0m
[0.043s] [35m[1mConsolidate compiler generated dependencies of target qualisys_cpp_sdk[0m
[0.044s] [35m[1mConsolidate compiler generated dependencies of target librigidbodytracker[0m
[0.049s] [35m[1mConsolidate compiler generated dependencies of target ViconDataStreamSDK_CPP[0m
[0.053s] [  7%] Built target quat
[0.058s] [ 15%] Built target qualisys_cpp_sdk
[0.064s] [35m[1mConsolidate compiler generated dependencies of target vrpn[0m
[0.079s] [ 19%] Built target librigidbodytracker
[0.094s] [ 65%] Built target vrpn
[0.119s] [ 82%] Built target ViconDataStreamSDK_CPP
[0.130s] [35m[1mConsolidate compiler generated dependencies of target libmotioncapture[0m
[0.173s] [ 96%] Built target libmotioncapture
[0.182s] [35m[1mConsolidate compiler generated dependencies of target motion_capture_tracking_node[0m
[0.211s] [100%] Built target motion_capture_tracking_node
[0.221s] Invoked command in '/home/crazyflie/Documents/Sharfi/mocap_ws/ros2_ws/build/motion_capture_tracking' returned '0': AMENT_PREFIX_PATH=/home/crazyflie/Documents/Sharfi/mocap_ws/ros2_ws/install/motion_capture_tracking_interfaces:${AMENT_PREFIX_PATH} CMAKE_PREFIX_PATH=/home/crazyflie/Documents/Sharfi/mocap_ws/ros2_ws/install/motion_capture_tracking_interfaces:/home/crazyflie/Documents/Sharfi/mocap_ws/ros2_ws/install/crazyflie_sim:/home/crazyflie/Documents/Sharfi/mocap_ws/ros2_ws/install/crazyflie_examples:/home/crazyflie/Documents/Sharfi/mocap_ws/ros2_ws/install/crazyflie:/home/crazyflie/Documents/Sharfi/mocap_ws/ros2_ws/install/crazyflie_interfaces:/home/crazyflie/Documents/Sharfi/mocap_ws/ros2_ws/install/crazyflie_py:/opt/ros/humble CONDA_PROMPT_MODIFIER=(motioncapture) LD_LIBRARY_PATH=/home/crazyflie/Documents/Sharfi/mocap_ws/ros2_ws/install/motion_capture_tracking_interfaces/lib:${LD_LIBRARY_PATH} PYTHONPATH=/home/crazyflie/Documents/Sharfi/mocap_ws/ros2_ws/install/motion_capture_tracking_interfaces/local/lib/python3.10/dist-packages:${PYTHONPATH} /usr/bin/cmake --build /home/crazyflie/Documents/Sharfi/mocap_ws/ros2_ws/build/motion_capture_tracking -- -j16 -l16
[0.264s] Invoking command in '/home/crazyflie/Documents/Sharfi/mocap_ws/ros2_ws/build/motion_capture_tracking': AMENT_PREFIX_PATH=/home/crazyflie/Documents/Sharfi/mocap_ws/ros2_ws/install/motion_capture_tracking_interfaces:${AMENT_PREFIX_PATH} CMAKE_PREFIX_PATH=/home/crazyflie/Documents/Sharfi/mocap_ws/ros2_ws/install/motion_capture_tracking_interfaces:/home/crazyflie/Documents/Sharfi/mocap_ws/ros2_ws/install/crazyflie_sim:/home/crazyflie/Documents/Sharfi/mocap_ws/ros2_ws/install/crazyflie_examples:/home/crazyflie/Documents/Sharfi/mocap_ws/ros2_ws/install/crazyflie:/home/crazyflie/Documents/Sharfi/mocap_ws/ros2_ws/install/crazyflie_interfaces:/home/crazyflie/Documents/Sharfi/mocap_ws/ros2_ws/install/crazyflie_py:/opt/ros/humble CONDA_PROMPT_MODIFIER=(motioncapture) LD_LIBRARY_PATH=/home/crazyflie/Documents/Sharfi/mocap_ws/ros2_ws/install/motion_capture_tracking_interfaces/lib:${LD_LIBRARY_PATH} PYTHONPATH=/home/crazyflie/Documents/Sharfi/mocap_ws/ros2_ws/install/motion_capture_tracking_interfaces/local/lib/python3.10/dist-packages:${PYTHONPATH} /usr/bin/cmake --install /home/crazyflie/Documents/Sharfi/mocap_ws/ros2_ws/build/motion_capture_tracking
[0.269s] -- Install configuration: ""
[0.269s] -- Up-to-date: /home/crazyflie/Documents/Sharfi/mocap_ws/ros2_ws/install/motion_capture_tracking/lib/motion_capture_tracking/motion_capture_tracking_node
[0.270s] -- Up-to-date: /home/crazyflie/Documents/Sharfi/mocap_ws/ros2_ws/install/motion_capture_tracking/lib/motion_capture_tracking/libNatNet.so
[0.270s] -- Up-to-date: /home/crazyflie/Documents/Sharfi/mocap_ws/ros2_ws/install/motion_capture_tracking/share/motion_capture_tracking//launch
[0.270s] -- Up-to-date: /home/crazyflie/Documents/Sharfi/mocap_ws/ros2_ws/install/motion_capture_tracking/share/motion_capture_tracking//launch/node.launch
[0.270s] -- Up-to-date: /home/crazyflie/Documents/Sharfi/mocap_ws/ros2_ws/install/motion_capture_tracking/share/motion_capture_tracking//launch/launch.py
[0.270s] -- Up-to-date: /home/crazyflie/Documents/Sharfi/mocap_ws/ros2_ws/install/motion_capture_tracking/share/motion_capture_tracking//config
[0.270s] -- Up-to-date: /home/crazyflie/Documents/Sharfi/mocap_ws/ros2_ws/install/motion_capture_tracking/share/motion_capture_tracking//config/rviz.rviz
[0.270s] -- Installing: /home/crazyflie/Documents/Sharfi/mocap_ws/ros2_ws/install/motion_capture_tracking/share/motion_capture_tracking//config/cfg.yaml
[0.270s] -- Up-to-date: /home/crazyflie/Documents/Sharfi/mocap_ws/ros2_ws/install/motion_capture_tracking/share/ament_index/resource_index/package_run_dependencies/motion_capture_tracking
[0.270s] -- Up-to-date: /home/crazyflie/Documents/Sharfi/mocap_ws/ros2_ws/install/motion_capture_tracking/share/ament_index/resource_index/parent_prefix_path/motion_capture_tracking
[0.270s] -- Up-to-date: /home/crazyflie/Documents/Sharfi/mocap_ws/ros2_ws/install/motion_capture_tracking/share/motion_capture_tracking/environment/ament_prefix_path.sh
[0.270s] -- Up-to-date: /home/crazyflie/Documents/Sharfi/mocap_ws/ros2_ws/install/motion_capture_tracking/share/motion_capture_tracking/environment/ament_prefix_path.dsv
[0.270s] -- Up-to-date: /home/crazyflie/Documents/Sharfi/mocap_ws/ros2_ws/install/motion_capture_tracking/share/motion_capture_tracking/environment/path.sh
[0.270s] -- Up-to-date: /home/crazyflie/Documents/Sharfi/mocap_ws/ros2_ws/install/motion_capture_tracking/share/motion_capture_tracking/environment/path.dsv
[0.270s] -- Up-to-date: /home/crazyflie/Documents/Sharfi/mocap_ws/ros2_ws/install/motion_capture_tracking/share/motion_capture_tracking/local_setup.bash
[0.270s] -- Up-to-date: /home/crazyflie/Documents/Sharfi/mocap_ws/ros2_ws/install/motion_capture_tracking/share/motion_capture_tracking/local_setup.sh
[0.270s] -- Up-to-date: /home/crazyflie/Documents/Sharfi/mocap_ws/ros2_ws/install/motion_capture_tracking/share/motion_capture_tracking/local_setup.zsh
[0.270s] -- Up-to-date: /home/crazyflie/Documents/Sharfi/mocap_ws/ros2_ws/install/motion_capture_tracking/share/motion_capture_tracking/local_setup.dsv
[0.270s] -- Installing: /home/crazyflie/Documents/Sharfi/mocap_ws/ros2_ws/install/motion_capture_tracking/share/motion_capture_tracking/package.dsv
[0.270s] -- Up-to-date: /home/crazyflie/Documents/Sharfi/mocap_ws/ros2_ws/install/motion_capture_tracking/share/ament_index/resource_index/packages/motion_capture_tracking
[0.271s] -- Up-to-date: /home/crazyflie/Documents/Sharfi/mocap_ws/ros2_ws/install/motion_capture_tracking/share/motion_capture_tracking/cmake/motion_capture_trackingConfig.cmake
[0.271s] -- Up-to-date: /home/crazyflie/Documents/Sharfi/mocap_ws/ros2_ws/install/motion_capture_tracking/share/motion_capture_tracking/cmake/motion_capture_trackingConfig-version.cmake
[0.271s] -- Up-to-date: /home/crazyflie/Documents/Sharfi/mocap_ws/ros2_ws/install/motion_capture_tracking/share/motion_capture_tracking/package.xml
[0.272s] Invoked command in '/home/crazyflie/Documents/Sharfi/mocap_ws/ros2_ws/build/motion_capture_tracking' returned '0': AMENT_PREFIX_PATH=/home/crazyflie/Documents/Sharfi/mocap_ws/ros2_ws/install/motion_capture_tracking_interfaces:${AMENT_PREFIX_PATH} CMAKE_PREFIX_PATH=/home/crazyflie/Documents/Sharfi/mocap_ws/ros2_ws/install/motion_capture_tracking_interfaces:/home/crazyflie/Documents/Sharfi/mocap_ws/ros2_ws/install/crazyflie_sim:/home/crazyflie/Documents/Sharfi/mocap_ws/ros2_ws/install/crazyflie_examples:/home/crazyflie/Documents/Sharfi/mocap_ws/ros2_ws/install/crazyflie:/home/crazyflie/Documents/Sharfi/mocap_ws/ros2_ws/install/crazyflie_interfaces:/home/crazyflie/Documents/Sharfi/mocap_ws/ros2_ws/install/crazyflie_py:/opt/ros/humble CONDA_PROMPT_MODIFIER=(motioncapture) LD_LIBRARY_PATH=/home/crazyflie/Documents/Sharfi/mocap_ws/ros2_ws/install/motion_capture_tracking_interfaces/lib:${LD_LIBRARY_PATH} PYTHONPATH=/home/crazyflie/Documents/Sharfi/mocap_ws/ros2_ws/install/motion_capture_tracking_interfaces/local/lib/python3.10/dist-packages:${PYTHONPATH} /usr/bin/cmake --install /home/crazyflie/Documents/Sharfi/mocap_ws/ros2_ws/build/motion_capture_tracking
