[0.392s] Invoking command in '/home/crazyflie/Documents/Sharfi/mocap_ws/ros2_ws/src/crazyswarm2/crazyflie_py': CMAKE_PREFIX_PATH=/home/crazyflie/Documents/Sharfi/mocap_ws/ros2_ws/install/crazyflie_interfaces:/home/crazyflie/Documents/Sharfi/mocap_ws/ros2_ws/install/motion_capture_tracking:/home/crazyflie/Documents/Sharfi/mocap_ws/ros2_ws/install/crazyflie:/home/crazyflie/Documents/Sharfi/mocap_ws/ros2_ws/install/motion_capture_tracking_interfaces:/home/crazyflie/Documents/Sharfi/mocap_ws/ros2_ws/install/crazyflie_sim:/home/crazyflie/Documents/Sharfi/mocap_ws/ros2_ws/install/crazyflie_examples LD_LIBRARY_PATH=/home/crazyflie/Documents/Sharfi/mocap_ws/ros2_ws/install/crazyflie_interfaces/lib:/home/crazyflie/Documents/Sharfi/mocap_ws/ros2_ws/install/motion_capture_tracking_interfaces/lib:/opt/ros/humble/opt/rviz_ogre_vendor/lib:/opt/ros/humble/lib/x86_64-linux-gnu:/opt/ros/humble/lib PYTHONPATH=/home/crazyflie/Documents/Sharfi/mocap_ws/ros2_ws/build/crazyflie_py/prefix_override:/home/crazyflie/.local/lib/python3.10/site-packages/colcon_core/task/python/colcon_distutils_commands:/home/crazyflie/Documents/Sharfi/mocap_ws/ros2_ws/install/crazyflie_py/lib/python3.10/site-packages:${PYTHONPATH} /usr/bin/python3 -W ignore:setup.py install is deprecated setup.py egg_info --egg-base ../../../build/crazyflie_py build --build-base /home/crazyflie/Documents/Sharfi/mocap_ws/ros2_ws/build/crazyflie_py/build install --record /home/crazyflie/Documents/Sharfi/mocap_ws/ros2_ws/build/crazyflie_py/install.log --single-version-externally-managed install_data
[0.543s] running egg_info
[0.543s] writing ../../../build/crazyflie_py/crazyflie_py.egg-info/PKG-INFO
[0.544s] writing dependency_links to ../../../build/crazyflie_py/crazyflie_py.egg-info/dependency_links.txt
[0.544s] writing entry points to ../../../build/crazyflie_py/crazyflie_py.egg-info/entry_points.txt
[0.544s] writing requirements to ../../../build/crazyflie_py/crazyflie_py.egg-info/requires.txt
[0.544s] writing top-level names to ../../../build/crazyflie_py/crazyflie_py.egg-info/top_level.txt
[0.545s] reading manifest file '../../../build/crazyflie_py/crazyflie_py.egg-info/SOURCES.txt'
[0.545s] writing manifest file '../../../build/crazyflie_py/crazyflie_py.egg-info/SOURCES.txt'
[0.545s] running build
[0.545s] running build_py
[0.546s] running install
[0.546s] running install_lib
[0.547s] running install_data
[0.547s] running install_egg_info
[0.548s] removing '/home/crazyflie/Documents/Sharfi/mocap_ws/ros2_ws/install/crazyflie_py/lib/python3.10/site-packages/crazyflie_py-1.0.3-py3.10.egg-info' (and everything under it)
[0.548s] Copying ../../../build/crazyflie_py/crazyflie_py.egg-info to /home/crazyflie/Documents/Sharfi/mocap_ws/ros2_ws/install/crazyflie_py/lib/python3.10/site-packages/crazyflie_py-1.0.3-py3.10.egg-info
[0.549s] running install_scripts
[0.559s] writing list of installed files to '/home/crazyflie/Documents/Sharfi/mocap_ws/ros2_ws/build/crazyflie_py/install.log'
[0.573s] Invoked command in '/home/crazyflie/Documents/Sharfi/mocap_ws/ros2_ws/src/crazyswarm2/crazyflie_py' returned '0': CMAKE_PREFIX_PATH=/home/crazyflie/Documents/Sharfi/mocap_ws/ros2_ws/install/crazyflie_interfaces:/home/crazyflie/Documents/Sharfi/mocap_ws/ros2_ws/install/motion_capture_tracking:/home/crazyflie/Documents/Sharfi/mocap_ws/ros2_ws/install/crazyflie:/home/crazyflie/Documents/Sharfi/mocap_ws/ros2_ws/install/motion_capture_tracking_interfaces:/home/crazyflie/Documents/Sharfi/mocap_ws/ros2_ws/install/crazyflie_sim:/home/crazyflie/Documents/Sharfi/mocap_ws/ros2_ws/install/crazyflie_examples LD_LIBRARY_PATH=/home/crazyflie/Documents/Sharfi/mocap_ws/ros2_ws/install/crazyflie_interfaces/lib:/home/crazyflie/Documents/Sharfi/mocap_ws/ros2_ws/install/motion_capture_tracking_interfaces/lib:/opt/ros/humble/opt/rviz_ogre_vendor/lib:/opt/ros/humble/lib/x86_64-linux-gnu:/opt/ros/humble/lib PYTHONPATH=/home/crazyflie/Documents/Sharfi/mocap_ws/ros2_ws/build/crazyflie_py/prefix_override:/home/crazyflie/.local/lib/python3.10/site-packages/colcon_core/task/python/colcon_distutils_commands:/home/crazyflie/Documents/Sharfi/mocap_ws/ros2_ws/install/crazyflie_py/lib/python3.10/site-packages:${PYTHONPATH} /usr/bin/python3 -W ignore:setup.py install is deprecated setup.py egg_info --egg-base ../../../build/crazyflie_py build --build-base /home/crazyflie/Documents/Sharfi/mocap_ws/ros2_ws/build/crazyflie_py/build install --record /home/crazyflie/Documents/Sharfi/mocap_ws/ros2_ws/build/crazyflie_py/install.log --single-version-externally-managed install_data
